Sun, 06 Feb 2022 07:39:26 +0200
{"r":1024,"l":0,"t":21,"p":752,"a":85,"h":53}
Sun, 06 Feb 2022 07:44:26 +0200
{"r":1024,"l":0,"t":21,"p":752,"a":84,"h":53}
Sun, 06 Feb 2022 07:49:26 +0200
{"r":1024,"l":0,"t":21,"p":752,"a":84,"h":53}
Sun, 06 Feb 2022 07:54:26 +0200
{"r":1024,"l":0,"t":21,"p":752,"a":84,"h":53}
Sun, 06 Feb 2022 07:59:26 +0200
{"r":1024,"l":0,"t":21,"p":752,"a":84,"h":52}
Sun, 06 Feb 2022 08:04:26 +0200
{"r":1024,"l":0,"t":21,"p":752,"a":84,"h":52}
Sun, 06 Feb 2022 08:09:26 +0200
{"r":1024,"l":0,"t":21,"p":752,"a":83,"h":52}
Sun, 06 Feb 2022 08:14:26 +0200
{"r":1024,"l":0,"t":21,"p":752,"a":83,"h":52}
Sun, 06 Feb 2022 08:19:26 +0200
{"r":1024,"l":0,"t":21,"p":752,"a":83,"h":52}
Sun, 06 Feb 2022 08:24:26 +0200
{"r":1024,"l":0,"t":21,"p":752,"a":83,"h":52}
Sun, 06 Feb 2022 08:29:26 +0200
{"r":1024,"l":0,"t":21,"p":752,"a":82,"h":52}
Sun, 06 Feb 2022 08:34:26 +0200
{"r":1024,"l":0,"t":21,"p":752,"a":82,"h":52}
Sun, 06 Feb 2022 08:39:26 +0200
{"r":1024,"l":0,"t":21,"p":752,"a":82,"h":52}
Sun, 06 Feb 2022 08:44:26 +0200
{"r":1024,"l":0,"t":21,"p":752,"a":80,"h":52}
Sun, 06 Feb 2022 08:49:26 +0200
{"r":1024,"l":0,"t":21,"p":752,"a":80,"h":52}
Sun, 06 Feb 2022 08:54:26 +0200
{"r":1024,"l":0,"t":21,"p":752,"a":80,"h":52}
Sun, 06 Feb 2022 08:59:26 +0200
{"r":1024,"l":0,"t":21,"p":752,"a":80,"h":52}
Sun, 06 Feb 2022 09:04:26 +0200
{"r":1024,"l":0,"t":21,"p":752,"a":81,"h":52}
Sun, 06 Feb 2022 09:09:26 +0200
{"r":1024,"l":0,"t":21,"p":752,"a":80,"h":51}
Sun, 06 Feb 2022 09:14:26 +0200
{"r":1024,"l":0,"t":21,"p":752,"a":80,"h":51}
Sun, 06 Feb 2022 09:19:26 +0200
{"r":1024,"l":0,"t":21,"p":752,"a":81,"h":51}
Sun, 06 Feb 2022 09:24:26 +0200
{"r":1024,"l":0,"t":21,"p":752,"a":81,"h":51}
Sun, 06 Feb 2022 09:29:26 +0200
{"r":1024,"l":0,"t":21,"p":752,"a":80,"h":52}
Sun, 06 Feb 2022 09:34:26 +0200
{"r":1024,"l":0,"t":21,"p":752,"a":80,"h":52}
Sun, 06 Feb 2022 09:39:26 +0200
{"r":1024,"l":0,"t":21,"p":752,"a":79,"h":52}
Sun, 06 Feb 2022 09:44:26 +0200
{"r":1024,"l":0,"t":21,"p":752,"a":79,"h":52}
Sun, 06 Feb 2022 09:49:26 +0200
{"r":1024,"l":0,"t":21,"p":752,"a":78,"h":52}
Sun, 06 Feb 2022 09:54:26 +0200
{"r":1024,"l":0,"t":21,"p":752,"a":78,"h":52}
Sun, 06 Feb 2022 09:59:26 +0200
{"r":1024,"l":0,"t":21,"p":752,"a":78,"h":52}
Sun, 06 Feb 2022 10:04:26 +0200
{"r":1024,"l":0,"t":21,"p":752,"a":78,"h":52}
Sun, 06 Feb 2022 10:09:26 +0200
{"r":1024,"l":0,"t":21,"p":752,"a":78,"h":52}
Sun, 06 Feb 2022 10:14:26 +0200
{"r":1024,"l":0,"t":21,"p":752,"a":78,"h":52}
Sun, 06 Feb 2022 10:19:26 +0200
{"r":1024,"l":0,"t":21,"p":753,"a":77,"h":52}
Sun, 06 Feb 2022 10:24:26 +0200
{"r":1024,"l":0,"t":21,"p":753,"a":77,"h":51}
Sun, 06 Feb 2022 10:29:26 +0200
{"r":1024,"l":0,"t":21,"p":753,"a":77,"h":51}
Sun, 06 Feb 2022 10:34:26 +0200
{"r":1024,"l":0,"t":21,"p":753,"a":77,"h":51}
Sun, 06 Feb 2022 10:39:26 +0200
{"r":1024,"l":0,"t":21,"p":753,"a":77,"h":51}
Sun, 06 Feb 2022 10:44:26 +0200
{"r":1024,"l":0,"t":21,"p":753,"a":75,"h":51}
Sun, 06 Feb 2022 10:49:26 +0200
{"r":1024,"l":0,"t":21,"p":753,"a":75,"h":51}
Sun, 06 Feb 2022 10:54:26 +0200
{"r":1024,"l":0,"t":21,"p":753,"a":75,"h":51}
Sun, 06 Feb 2022 10:59:26 +0200
{"r":1024,"l":0,"t":21,"p":753,"a":75,"h":51}
Sun, 06 Feb 2022 11:04:26 +0200
{"r":1024,"l":0,"t":21,"p":753,"a":75,"h":51}
Sun, 06 Feb 2022 11:09:26 +0200
{"r":1024,"l":0,"t":21,"p":753,"a":75,"h":50}
Sun, 06 Feb 2022 11:14:26 +0200
{"r":1024,"l":0,"t":21,"p":753,"a":75,"h":50}
Sun, 06 Feb 2022 11:19:26 +0200
{"r":1024,"l":0,"t":21,"p":753,"a":75,"h":50}
Sun, 06 Feb 2022 11:24:26 +0200
{"r":1024,"l":0,"t":21,"p":753,"a":75,"h":50}
Sun, 06 Feb 2022 11:29:26 +0200
{"r":1024,"l":0,"t":21,"p":753,"a":75,"h":50}
Sun, 06 Feb 2022 11:34:26 +0200
{"r":1024,"l":0,"t":21,"p":753,"a":75,"h":50}
Sun, 06 Feb 2022 11:39:26 +0200
{"r":1024,"l":0,"t":21,"p":753,"a":75,"h":50}
Sun, 06 Feb 2022 11:44:26 +0200
{"r":1024,"l":0,"t":20,"p":753,"a":75,"h":50}
Sun, 06 Feb 2022 11:49:26 +0200
{"r":1024,"l":0,"t":20,"p":753,"a":75,"h":50}
Sun, 06 Feb 2022 11:54:26 +0200
{"r":1024,"l":0,"t":20,"p":753,"a":76,"h":50}
Sun, 06 Feb 2022 11:59:26 +0200
{"r":1024,"l":0,"t":20,"p":753,"a":76,"h":50}
Sun, 06 Feb 2022 12:04:26 +0200
{"r":1024,"l":0,"t":20,"p":753,"a":76,"h":50}
Sun, 06 Feb 2022 12:09:26 +0200
{"r":1024,"l":0,"t":20,"p":753,"a":76,"h":50}
Sun, 06 Feb 2022 12:14:26 +0200
{"r":1024,"l":0,"t":20,"p":753,"a":76,"h":50}
Sun, 06 Feb 2022 12:19:26 +0200
{"r":1024,"l":0,"t":20,"p":753,"a":76,"h":50}
Sun, 06 Feb 2022 12:24:26 +0200
{"r":1024,"l":0,"t":20,"p":753,"a":75,"h":50}
Sun, 06 Feb 2022 12:29:26 +0200
{"r":1024,"l":0,"t":20,"p":753,"a":75,"h":50}
Sun, 06 Feb 2022 12:34:26 +0200
{"r":1024,"l":0,"t":20,"p":753,"a":74,"h":50}
Sun, 06 Feb 2022 12:39:26 +0200
{"r":1024,"l":0,"t":20,"p":753,"a":75,"h":50}
Sun, 06 Feb 2022 12:44:26 +0200
{"r":1024,"l":0,"t":20,"p":753,"a":75,"h":50}
Sun, 06 Feb 2022 12:49:26 +0200
{"r":1024,"l":0,"t":20,"p":753,"a":74,"h":50}
Sun, 06 Feb 2022 12:54:26 +0200
{"r":1024,"l":0,"t":20,"p":753,"a":75,"h":50}
Sun, 06 Feb 2022 12:59:26 +0200
{"r":1024,"l":0,"t":20,"p":753,"a":74,"h":50}
Sun, 06 Feb 2022 13:04:26 +0200
{"r":1024,"l":0,"t":20,"p":753,"a":75,"h":50}
Sun, 06 Feb 2022 13:09:26 +0200
{"r":1024,"l":0,"t":20,"p":753,"a":75,"h":50}
Sun, 06 Feb 2022 13:14:26 +0200
{"r":1024,"l":0,"t":20,"p":753,"a":75,"h":50}
Sun, 06 Feb 2022 13:19:26 +0200
{"r":1024,"l":0,"t":20,"p":753,"a":75,"h":50}
Sun, 06 Feb 2022 13:24:26 +0200
{"r":1024,"l":0,"t":20,"p":753,"a":74,"h":50}
Sun, 06 Feb 2022 13:29:26 +0200
{"r":1024,"l":0,"t":20,"p":753,"a":74,"h":50}
Sun, 06 Feb 2022 13:34:26 +0200
{"r":1024,"l":0,"t":20,"p":753,"a":75,"h":50}
Sun, 06 Feb 2022 13:39:26 +0200
{"r":1024,"l":0,"t":20,"p":753,"a":74,"h":50}
Sun, 06 Feb 2022 13:44:26 +0200
{"r":1024,"l":0,"t":20,"p":753,"a":74,"h":50}
Sun, 06 Feb 2022 13:49:26 +0200
{"r":1024,"l":0,"t":20,"p":753,"a":74,"h":50}
Sun, 06 Feb 2022 13:54:26 +0200
{"r":1024,"l":0,"t":20,"p":753,"a":75,"h":50}
Sun, 06 Feb 2022 13:59:26 +0200
{"r":1024,"l":0,"t":20,"p":753,"a":75,"h":50}
Sun, 06 Feb 2022 14:04:26 +0200
{"r":1024,"l":0,"t":20,"p":753,"a":75,"h":50}
Sun, 06 Feb 2022 14:09:26 +0200
{"r":1024,"l":0,"t":20,"p":753,"a":74,"h":50}
Sun, 06 Feb 2022 14:14:26 +0200
{"r":1024,"l":0,"t":20,"p":753,"a":74,"h":50}
Sun, 06 Feb 2022 14:19:26 +0200
{"r":1024,"l":0,"t":20,"p":753,"a":73,"h":50}
Sun, 06 Feb 2022 14:24:26 +0200
{"r":1024,"l":0,"t":20,"p":753,"a":74,"h":50}
Sun, 06 Feb 2022 14:29:26 +0200
{"r":1024,"l":0,"t":20,"p":753,"a":73,"h":50}
Sun, 06 Feb 2022 14:34:26 +0200
{"r":1024,"l":0,"t":20,"p":753,"a":74,"h":50}
Sun, 06 Feb 2022 14:39:26 +0200
{"r":1024,"l":0,"t":20,"p":753,"a":73,"h":50}
Sun, 06 Feb 2022 14:44:26 +0200
{"r":1024,"l":0,"t":20,"p":753,"a":72,"h":50}
Sun, 06 Feb 2022 14:49:26 +0200
{"r":1024,"l":0,"t":20,"p":753,"a":72,"h":50}
Sun, 06 Feb 2022 14:54:26 +0200
{"r":1024,"l":0,"t":20,"p":753,"a":72,"h":50}
Sun, 06 Feb 2022 14:59:26 +0200
{"r":1024,"l":0,"t":20,"p":753,"a":72,"h":50}
Sun, 06 Feb 2022 15:04:26 +0200
{"r":1024,"l":0,"t":20,"p":753,"a":72,"h":50}
Sun, 06 Feb 2022 15:09:26 +0200
{"r":1024,"l":0,"t":20,"p":753,"a":71,"h":50}
Sun, 06 Feb 2022 15:14:26 +0200
{"r":1024,"l":0,"t":20,"p":753,"a":71,"h":50}
Sun, 06 Feb 2022 15:19:26 +0200
{"r":1024,"l":0,"t":20,"p":753,"a":71,"h":50}
Sun, 06 Feb 2022 15:24:26 +0200
{"r":1024,"l":0,"t":20,"p":753,"a":71,"h":50}
Sun, 06 Feb 2022 15:29:26 +0200
{"r":1024,"l":0,"t":20,"p":753,"a":71,"h":50}
Sun, 06 Feb 2022 15:34:26 +0200
{"r":1024,"l":0,"t":20,"p":753,"a":71,"h":50}
Sun, 06 Feb 2022 15:39:26 +0200
{"r":1024,"l":0,"t":20,"p":753,"a":71,"h":50}
Sun, 06 Feb 2022 15:44:26 +0200
{"r":1024,"l":0,"t":20,"p":753,"a":71,"h":50}
Sun, 06 Feb 2022 15:49:26 +0200
{"r":1024,"l":0,"t":20,"p":753,"a":70,"h":50}
Sun, 06 Feb 2022 15:54:26 +0200
{"r":1024,"l":0,"t":20,"p":753,"a":71,"h":50}
Sun, 06 Feb 2022 15:59:26 +0200
{"r":1024,"l":0,"t":20,"p":753,"a":70,"h":50}
Sun, 06 Feb 2022 16:04:26 +0200
{"r":1024,"l":0,"t":20,"p":753,"a":70,"h":50}
Sun, 06 Feb 2022 16:09:26 +0200
{"r":1024,"l":0,"t":20,"p":753,"a":70,"h":50}
Sun, 06 Feb 2022 16:14:26 +0200
{"r":1024,"l":0,"t":20,"p":753,"a":70,"h":50}
Sun, 06 Feb 2022 16:19:27 +0200
{"r":1024,"l":0,"t":20,"p":753,"a":70,"h":50}
Sun, 06 Feb 2022 16:24:27 +0200
{"r":1024,"l":0,"t":20,"p":753,"a":70,"h":50}
Sun, 06 Feb 2022 16:29:26 +0200
{"r":1024,"l":0,"t":20,"p":753,"a":70,"h":50}
Sun, 06 Feb 2022 16:34:26 +0200
{"r":1024,"l":0,"t":20,"p":753,"a":70,"h":50}
Sun, 06 Feb 2022 16:39:26 +0200
{"r":1024,"l":0,"t":20,"p":753,"a":69,"h":50}
Sun, 06 Feb 2022 16:44:27 +0200
{"r":1024,"l":0,"t":20,"p":753,"a":69,"h":50}
Sun, 06 Feb 2022 16:49:26 +0200
{"r":1024,"l":0,"t":20,"p":753,"a":69,"h":50}
Sun, 06 Feb 2022 16:54:27 +0200
{"r":1024,"l":0,"t":20,"p":753,"a":69,"h":50}
Sun, 06 Feb 2022 16:59:27 +0200
{"r":1024,"l":0,"t":20,"p":753,"a":68,"h":50}
Sun, 06 Feb 2022 17:04:27 +0200
{"r":1024,"l":0,"t":20,"p":753,"a":68,"h":50}
Sun, 06 Feb 2022 17:09:27 +0200
{"r":1024,"l":0,"t":20,"p":753,"a":68,"h":50}
Sun, 06 Feb 2022 17:14:27 +0200
{"r":1024,"l":0,"t":20,"p":753,"a":68,"h":51}
Sun, 06 Feb 2022 17:19:27 +0200
{"r":1024,"l":0,"t":20,"p":753,"a":68,"h":51}
Sun, 06 Feb 2022 17:24:27 +0200
{"r":1024,"l":0,"t":20,"p":753,"a":68,"h":51}
Sun, 06 Feb 2022 17:29:27 +0200
{"r":1024,"l":0,"t":20,"p":753,"a":67,"h":51}
Sun, 06 Feb 2022 17:34:27 +0200
{"r":1024,"l":0,"t":20,"p":753,"a":67,"h":51}
Sun, 06 Feb 2022 17:39:27 +0200
{"r":1024,"l":0,"t":20,"p":753,"a":67,"h":51}
Sun, 06 Feb 2022 17:44:27 +0200
{"r":1024,"l":0,"t":20,"p":753,"a":67,"h":51}
Sun, 06 Feb 2022 17:49:27 +0200
{"r":1024,"l":0,"t":20,"p":754,"a":66,"h":51}
Sun, 06 Feb 2022 17:54:27 +0200
{"r":1024,"l":0,"t":20,"p":754,"a":66,"h":51}
Sun, 06 Feb 2022 17:59:27 +0200
{"r":1024,"l":0,"t":20,"p":754,"a":66,"h":51}
Sun, 06 Feb 2022 18:04:27 +0200
{"r":1024,"l":0,"t":20,"p":754,"a":66,"h":51}
Sun, 06 Feb 2022 18:09:27 +0200
{"r":1024,"l":0,"t":20,"p":754,"a":66,"h":51}
Sun, 06 Feb 2022 18:14:27 +0200
{"r":1024,"l":0,"t":20,"p":754,"a":65,"h":52}
Sun, 06 Feb 2022 18:19:27 +0200
{"r":1024,"l":0,"t":20,"p":754,"a":65,"h":52}
Tue, 08 Feb 2022 13:18:28 +0200
{"r":1024,"l":70,"t":20,"p":747,"a":143,"h":67}
Tue, 08 Feb 2022 13:20:34 +0200
{"r":1024,"l":4,"t":21,"p":747,"a":143,"h":67}
Tue, 08 Feb 2022 13:25:47 +0200
{"r":1024,"l":10,"t":23,"p":747,"a":143,"h":69}
Tue, 08 Feb 2022 13:27:22 +0200
{"r":1024,"l":9,"t":25,"p":747,"a":143,"h":68}
Tue, 08 Feb 2022 13:28:24 +0200
{"r":1024,"l":0,"t":25,"p":747,"a":143,"h":65}
Thu, 10 Feb 2022 21:11:03 +0200
{"r":1024,"l":45,"t":22,"p":758,"a":19,"h":61}
Thu, 10 Feb 2022 21:16:03 +0200
{"r":1024,"l":45,"t":22,"p":758,"a":19,"h":61}
Thu, 10 Feb 2022 21:21:03 +0200
{"r":1024,"l":45,"t":22,"p":758,"a":19,"h":61}
Thu, 10 Feb 2022 21:26:03 +0200
{"r":1024,"l":45,"t":22,"p":758,"a":19,"h":61}
Thu, 10 Feb 2022 21:31:03 +0200
{"r":1024,"l":45,"t":22,"p":758,"a":19,"h":61}
Thu, 10 Feb 2022 21:36:03 +0200
{"r":1024,"l":45,"t":22,"p":758,"a":19,"h":61}
Thu, 10 Feb 2022 21:41:03 +0200
{"r":1024,"l":45,"t":22,"p":758,"a":19,"h":61}
Thu, 10 Feb 2022 21:46:03 +0200
{"r":1024,"l":45,"t":22,"p":758,"a":19,"h":61}
Thu, 10 Feb 2022 21:51:03 +0200
{"r":1024,"l":45,"t":22,"p":758,"a":19,"h":61}
Thu, 10 Feb 2022 21:56:03 +0200
{"r":1024,"l":46,"t":22,"p":758,"a":19,"h":61}
Thu, 10 Feb 2022 22:01:03 +0200
{"r":1024,"l":45,"t":22,"p":758,"a":19,"h":62}
Thu, 10 Feb 2022 22:06:03 +0200
{"r":1024,"l":45,"t":22,"p":758,"a":19,"h":62}
Thu, 10 Feb 2022 22:11:03 +0200
{"r":1024,"l":45,"t":22,"p":758,"a":19,"h":62}
Thu, 10 Feb 2022 22:16:03 +0200
{"r":1024,"l":45,"t":22,"p":758,"a":19,"h":62}
Thu, 10 Feb 2022 22:21:03 +0200
{"r":1024,"l":45,"t":22,"p":758,"a":19,"h":62}
Fri, 11 Feb 2022 09:28:34 +0200
{"r":1024,"l":9,"t":21,"p":757,"a":31,"h":63}
Fri, 11 Feb 2022 09:33:34 +0200
{"r":1024,"l":9,"t":21,"p":757,"a":32,"h":62}
Fri, 11 Feb 2022 09:38:34 +0200
{"r":1024,"l":10,"t":21,"p":757,"a":32,"h":61}
Fri, 11 Feb 2022 09:43:34 +0200
{"r":1024,"l":10,"t":22,"p":757,"a":31,"h":60}
Fri, 11 Feb 2022 09:48:34 +0200
{"r":1024,"l":10,"t":22,"p":757,"a":32,"h":60}
Fri, 11 Feb 2022 09:53:34 +0200
{"r":1024,"l":10,"t":22,"p":757,"a":32,"h":59}
Fri, 11 Feb 2022 09:58:34 +0200
{"r":1024,"l":10,"t":22,"p":757,"a":33,"h":59}
Fri, 11 Feb 2022 10:03:34 +0200
{"r":1024,"l":10,"t":22,"p":757,"a":33,"h":58}
Fri, 11 Feb 2022 10:08:34 +0200
{"r":1024,"l":12,"t":22,"p":756,"a":34,"h":58}
Fri, 11 Feb 2022 10:13:34 +0200
{"r":1024,"l":12,"t":22,"p":756,"a":33,"h":58}
Fri, 11 Feb 2022 10:18:34 +0200
{"r":1024,"l":12,"t":22,"p":756,"a":34,"h":57}
Fri, 11 Feb 2022 10:23:34 +0200
{"r":1024,"l":4,"t":22,"p":756,"a":35,"h":57}
Fri, 11 Feb 2022 10:28:34 +0200
{"r":1024,"l":5,"t":22,"p":756,"a":34,"h":56}
Fri, 11 Feb 2022 10:33:34 +0200
{"r":1024,"l":5,"t":22,"p":756,"a":34,"h":56}
Fri, 11 Feb 2022 10:38:34 +0200
{"r":1024,"l":7,"t":22,"p":756,"a":34,"h":56}
Fri, 11 Feb 2022 10:43:34 +0200
{"r":1024,"l":12,"t":22,"p":756,"a":36,"h":56}
Fri, 11 Feb 2022 10:48:34 +0200
{"r":1024,"l":15,"t":22,"p":756,"a":36,"h":56}
Fri, 11 Feb 2022 10:53:34 +0200
{"r":1024,"l":11,"t":22,"p":756,"a":35,"h":56}
Fri, 11 Feb 2022 10:58:34 +0200
{"r":1024,"l":14,"t":22,"p":756,"a":36,"h":55}
Fri, 11 Feb 2022 11:03:34 +0200
{"r":1024,"l":12,"t":22,"p":756,"a":37,"h":55}
Fri, 11 Feb 2022 11:08:34 +0200
{"r":1024,"l":21,"t":22,"p":756,"a":37,"h":55}
Fri, 11 Feb 2022 11:13:34 +0200
{"r":1024,"l":15,"t":22,"p":756,"a":38,"h":55}
Fri, 11 Feb 2022 11:18:34 +0200
{"r":1024,"l":13,"t":22,"p":756,"a":39,"h":55}
Fri, 11 Feb 2022 11:23:34 +0200
{"r":1024,"l":23,"t":22,"p":756,"a":40,"h":55}
Fri, 11 Feb 2022 11:28:34 +0200
{"r":1024,"l":22,"t":22,"p":756,"a":41,"h":55}
Fri, 11 Feb 2022 11:33:34 +0200
{"r":1024,"l":19,"t":22,"p":756,"a":42,"h":55}
Fri, 11 Feb 2022 11:38:34 +0200
{"r":1024,"l":15,"t":22,"p":756,"a":43,"h":55}
Fri, 11 Feb 2022 11:43:34 +0200
{"r":1024,"l":14,"t":22,"p":756,"a":44,"h":55}
Fri, 11 Feb 2022 11:48:34 +0200
{"r":1024,"l":10,"t":22,"p":755,"a":44,"h":55}
Fri, 11 Feb 2022 11:53:34 +0200
{"r":1024,"l":10,"t":22,"p":756,"a":44,"h":55}
Fri, 11 Feb 2022 11:58:34 +0200
{"r":1024,"l":10,"t":22,"p":755,"a":45,"h":55}
Fri, 11 Feb 2022 12:03:34 +0200
{"r":1024,"l":12,"t":22,"p":755,"a":46,"h":55}
Fri, 11 Feb 2022 12:08:34 +0200
{"r":1024,"l":16,"t":22,"p":755,"a":46,"h":55}
Fri, 11 Feb 2022 12:13:34 +0200
{"r":1024,"l":4,"t":22,"p":755,"a":46,"h":55}
Fri, 11 Feb 2022 12:18:34 +0200
{"r":1024,"l":2,"t":22,"p":755,"a":46,"h":55}
Fri, 11 Feb 2022 12:23:35 +0200
{"r":1024,"l":2,"t":22,"p":755,"a":48,"h":54}
Fri, 11 Feb 2022 12:28:35 +0200
{"r":1024,"l":1,"t":23,"p":755,"a":48,"h":54}
Fri, 11 Feb 2022 12:33:34 +0200
{"r":1024,"l":4,"t":23,"p":755,"a":49,"h":53}
Fri, 11 Feb 2022 12:38:34 +0200
{"r":1024,"l":3,"t":24,"p":755,"a":50,"h":53}
Fri, 11 Feb 2022 12:43:34 +0200
{"r":1024,"l":2,"t":24,"p":755,"a":50,"h":52}
Fri, 11 Feb 2022 12:48:34 +0200
{"r":1024,"l":2,"t":24,"p":755,"a":50,"h":52}
Fri, 11 Feb 2022 12:53:35 +0200
{"r":1024,"l":2,"t":24,"p":755,"a":51,"h":51}
Fri, 11 Feb 2022 12:58:34 +0200
{"r":1024,"l":3,"t":24,"p":755,"a":52,"h":51}
Fri, 11 Feb 2022 13:03:35 +0200
{"r":1024,"l":2,"t":24,"p":755,"a":52,"h":51}
Fri, 11 Feb 2022 13:08:35 +0200
{"r":1024,"l":1,"t":24,"p":755,"a":51,"h":50}
Fri, 11 Feb 2022 13:13:34 +0200
{"r":1024,"l":1,"t":25,"p":755,"a":51,"h":50}
Fri, 11 Feb 2022 13:18:35 +0200
{"r":1024,"l":1,"t":25,"p":755,"a":51,"h":50}
Fri, 11 Feb 2022 13:23:35 +0200
{"r":1024,"l":0,"t":25,"p":755,"a":52,"h":50}
Fri, 11 Feb 2022 13:28:35 +0200
{"r":1024,"l":0,"t":25,"p":755,"a":52,"h":49}
Fri, 11 Feb 2022 13:33:35 +0200
{"r":1024,"l":0,"t":25,"p":755,"a":52,"h":49}
Fri, 11 Feb 2022 13:38:35 +0200
{"r":1024,"l":0,"t":25,"p":755,"a":52,"h":49}
Fri, 11 Feb 2022 13:43:35 +0200
{"r":1024,"l":0,"t":25,"p":755,"a":53,"h":49}
Fri, 11 Feb 2022 13:48:35 +0200
{"r":1024,"l":0,"t":25,"p":755,"a":54,"h":49}
Fri, 11 Feb 2022 13:53:36 +0200
{"r":1024,"l":0,"t":25,"p":755,"a":54,"h":49}
Fri, 11 Feb 2022 13:58:35 +0200
{"r":1024,"l":0,"t":26,"p":755,"a":54,"h":49}
Fri, 11 Feb 2022 14:03:35 +0200
{"r":1024,"l":0,"t":26,"p":754,"a":56,"h":48}
Fri, 11 Feb 2022 14:08:35 +0200
{"r":1024,"l":0,"t":26,"p":754,"a":56,"h":48}
Fri, 11 Feb 2022 14:13:35 +0200
{"r":1024,"l":0,"t":26,"p":755,"a":55,"h":47}
Fri, 11 Feb 2022 14:18:36 +0200
{"r":1024,"l":0,"t":26,"p":754,"a":56,"h":47}
Fri, 11 Feb 2022 14:23:35 +0200
{"r":1024,"l":0,"t":26,"p":754,"a":56,"h":46}
Fri, 11 Feb 2022 14:28:35 +0200
{"r":1024,"l":0,"t":25,"p":754,"a":57,"h":46}
Fri, 11 Feb 2022 14:33:35 +0200
{"r":1024,"l":0,"t":25,"p":754,"a":57,"h":45}
Fri, 11 Feb 2022 14:38:35 +0200
{"r":1024,"l":0,"t":25,"p":754,"a":57,"h":45}
Fri, 11 Feb 2022 14:43:35 +0200
{"r":1024,"l":0,"t":25,"p":754,"a":57,"h":45}
Fri, 11 Feb 2022 14:48:35 +0200
{"r":1024,"l":0,"t":25,"p":754,"a":58,"h":44}
Fri, 11 Feb 2022 14:53:35 +0200
{"r":1024,"l":0,"t":25,"p":754,"a":58,"h":44}
Fri, 11 Feb 2022 14:58:35 +0200
{"r":1024,"l":0,"t":25,"p":754,"a":58,"h":44}
Fri, 11 Feb 2022 15:03:35 +0200
{"r":1024,"l":0,"t":25,"p":754,"a":58,"h":44}
Fri, 11 Feb 2022 15:08:35 +0200
{"r":1024,"l":0,"t":25,"p":754,"a":59,"h":44}
Fri, 11 Feb 2022 15:13:35 +0200
{"r":1024,"l":0,"t":25,"p":754,"a":58,"h":43}
Fri, 11 Feb 2022 15:18:35 +0200
{"r":1024,"l":0,"t":25,"p":754,"a":58,"h":43}
Fri, 11 Feb 2022 15:23:35 +0200
{"r":1024,"l":0,"t":25,"p":754,"a":59,"h":43}
Fri, 11 Feb 2022 15:28:35 +0200
{"r":1024,"l":0,"t":25,"p":754,"a":59,"h":43}
Fri, 11 Feb 2022 15:33:35 +0200
{"r":1024,"l":0,"t":25,"p":754,"a":59,"h":43}
Fri, 11 Feb 2022 15:38:35 +0200
{"r":1024,"l":0,"t":25,"p":754,"a":59,"h":43}
Fri, 11 Feb 2022 15:43:35 +0200
{"r":1024,"l":0,"t":25,"p":754,"a":58,"h":43}
Fri, 11 Feb 2022 15:48:35 +0200
{"r":1024,"l":0,"t":25,"p":754,"a":59,"h":42}
Fri, 11 Feb 2022 15:53:35 +0200
{"r":1024,"l":0,"t":25,"p":754,"a":59,"h":42}
Fri, 11 Feb 2022 15:58:35 +0200
{"r":1024,"l":0,"t":25,"p":754,"a":59,"h":42}
Fri, 11 Feb 2022 16:03:35 +0200
{"r":1024,"l":0,"t":25,"p":754,"a":58,"h":42}
Fri, 11 Feb 2022 16:08:35 +0200
{"r":1024,"l":0,"t":24,"p":754,"a":58,"h":42}
Fri, 11 Feb 2022 16:13:35 +0200
{"r":1024,"l":0,"t":24,"p":754,"a":59,"h":43}
Fri, 11 Feb 2022 16:18:35 +0200
{"r":1024,"l":5,"t":24,"p":754,"a":58,"h":43}
Fri, 11 Feb 2022 16:23:35 +0200
{"r":1024,"l":4,"t":24,"p":754,"a":58,"h":43}
Fri, 11 Feb 2022 16:28:35 +0200
{"r":1024,"l":4,"t":23,"p":754,"a":58,"h":44}
Fri, 11 Feb 2022 16:33:35 +0200
{"r":1024,"l":0,"t":23,"p":754,"a":58,"h":44}
Fri, 11 Feb 2022 16:38:35 +0200
{"r":1024,"l":0,"t":23,"p":754,"a":58,"h":44}
Fri, 11 Feb 2022 16:43:35 +0200
{"r":1024,"l":0,"t":23,"p":754,"a":57,"h":45}
Fri, 11 Feb 2022 16:48:35 +0200
{"r":1024,"l":0,"t":23,"p":754,"a":56,"h":45}
Fri, 11 Feb 2022 16:53:35 +0200
{"r":1024,"l":4,"t":23,"p":754,"a":56,"h":45}
Fri, 11 Feb 2022 16:58:35 +0200
{"r":1024,"l":4,"t":23,"p":754,"a":56,"h":46}
Fri, 11 Feb 2022 17:03:35 +0200
{"r":1024,"l":4,"t":23,"p":754,"a":56,"h":46}
Fri, 11 Feb 2022 17:08:35 +0200
{"r":1024,"l":4,"t":22,"p":754,"a":56,"h":46}
Fri, 11 Feb 2022 17:13:35 +0200
{"r":1024,"l":3,"t":22,"p":754,"a":56,"h":47}
Fri, 11 Feb 2022 17:18:35 +0200
{"r":1024,"l":3,"t":22,"p":755,"a":55,"h":47}
Fri, 11 Feb 2022 17:23:35 +0200
{"r":1024,"l":3,"t":22,"p":755,"a":55,"h":47}
Fri, 11 Feb 2022 17:28:35 +0200
{"r":1024,"l":3,"t":22,"p":755,"a":55,"h":47}
Fri, 11 Feb 2022 17:33:35 +0200
{"r":1024,"l":2,"t":22,"p":755,"a":54,"h":48}
Fri, 11 Feb 2022 17:38:35 +0200
{"r":1024,"l":2,"t":22,"p":755,"a":54,"h":48}
Fri, 11 Feb 2022 17:43:35 +0200
{"r":1024,"l":2,"t":22,"p":755,"a":53,"h":48}
Fri, 11 Feb 2022 17:48:35 +0200
{"r":1024,"l":2,"t":22,"p":755,"a":53,"h":49}
Fri, 11 Feb 2022 17:53:35 +0200
{"r":1024,"l":2,"t":23,"p":755,"a":54,"h":49}
Fri, 11 Feb 2022 17:58:35 +0200
{"r":1024,"l":2,"t":23,"p":755,"a":53,"h":49}
Fri, 11 Feb 2022 18:03:35 +0200
{"r":1024,"l":2,"t":24,"p":755,"a":53,"h":48}
Fri, 11 Feb 2022 18:08:35 +0200
{"r":1024,"l":2,"t":24,"p":755,"a":53,"h":48}
Fri, 11 Feb 2022 18:13:35 +0200
{"r":1024,"l":2,"t":25,"p":755,"a":52,"h":47}
Fri, 11 Feb 2022 18:18:35 +0200
{"r":1024,"l":2,"t":25,"p":755,"a":51,"h":47}
Fri, 11 Feb 2022 18:23:35 +0200
{"r":1024,"l":2,"t":26,"p":755,"a":50,"h":46}
Fri, 11 Feb 2022 18:28:35 +0200
{"r":1024,"l":2,"t":26,"p":755,"a":49,"h":46}
Fri, 11 Feb 2022 18:33:35 +0200
{"r":1024,"l":2,"t":26,"p":755,"a":49,"h":45}
Fri, 11 Feb 2022 18:38:35 +0200
{"r":1024,"l":2,"t":26,"p":755,"a":49,"h":45}
Fri, 11 Feb 2022 18:43:35 +0200
{"r":1024,"l":2,"t":27,"p":755,"a":48,"h":45}
Fri, 11 Feb 2022 18:48:35 +0200
{"r":1024,"l":2,"t":27,"p":755,"a":48,"h":44}
Fri, 11 Feb 2022 18:53:35 +0200
{"r":1024,"l":2,"t":27,"p":755,"a":48,"h":44}
Fri, 11 Feb 2022 18:58:35 +0200
{"r":1024,"l":2,"t":27,"p":755,"a":47,"h":44}
Fri, 11 Feb 2022 19:03:35 +0200
{"r":1024,"l":2,"t":27,"p":755,"a":46,"h":44}
Fri, 11 Feb 2022 19:08:35 +0200
{"r":1024,"l":2,"t":27,"p":755,"a":47,"h":44}
Fri, 11 Feb 2022 19:13:35 +0200
{"r":1024,"l":2,"t":27,"p":755,"a":47,"h":43}
Fri, 11 Feb 2022 19:18:35 +0200
{"r":1024,"l":2,"t":27,"p":755,"a":46,"h":43}
Fri, 11 Feb 2022 19:23:35 +0200
{"r":1024,"l":2,"t":27,"p":755,"a":47,"h":43}
Fri, 11 Feb 2022 19:28:35 +0200
{"r":1024,"l":2,"t":27,"p":755,"a":46,"h":44}
Fri, 11 Feb 2022 19:33:35 +0200
{"r":1024,"l":2,"t":27,"p":755,"a":46,"h":44}
Fri, 11 Feb 2022 19:38:35 +0200
{"r":1024,"l":2,"t":27,"p":755,"a":46,"h":44}
Fri, 11 Feb 2022 19:43:35 +0200
{"r":1024,"l":2,"t":27,"p":755,"a":46,"h":44}
Fri, 11 Feb 2022 19:48:35 +0200
{"r":1024,"l":2,"t":27,"p":755,"a":46,"h":44}
Fri, 11 Feb 2022 19:53:35 +0200
{"r":1024,"l":2,"t":27,"p":755,"a":46,"h":44}
Fri, 11 Feb 2022 19:58:35 +0200
{"r":1024,"l":2,"t":27,"p":755,"a":46,"h":44}
Fri, 11 Feb 2022 20:03:35 +0200
{"r":1024,"l":2,"t":26,"p":755,"a":45,"h":44}
Fri, 11 Feb 2022 20:08:35 +0200
{"r":1024,"l":2,"t":26,"p":755,"a":45,"h":44}
Fri, 11 Feb 2022 20:13:35 +0200
{"r":1024,"l":2,"t":26,"p":755,"a":45,"h":44}
Fri, 11 Feb 2022 20:18:35 +0200
{"r":1024,"l":2,"t":26,"p":755,"a":45,"h":44}
Fri, 11 Feb 2022 20:23:35 +0200
{"r":1024,"l":2,"t":26,"p":755,"a":45,"h":44}
Fri, 11 Feb 2022 20:28:35 +0200
{"r":1024,"l":2,"t":26,"p":755,"a":45,"h":44}
Fri, 11 Feb 2022 20:33:35 +0200
{"r":1024,"l":2,"t":26,"p":755,"a":44,"h":44}
Fri, 11 Feb 2022 20:38:35 +0200
{"r":1024,"l":2,"t":26,"p":755,"a":44,"h":44}
Fri, 11 Feb 2022 20:43:35 +0200
{"r":1024,"l":2,"t":26,"p":756,"a":44,"h":44}
Fri, 11 Feb 2022 20:48:35 +0200
{"r":1024,"l":1,"t":26,"p":756,"a":44,"h":44}
Fri, 11 Feb 2022 20:53:35 +0200
{"r":1024,"l":2,"t":26,"p":756,"a":43,"h":44}
Fri, 11 Feb 2022 20:58:35 +0200
{"r":1024,"l":2,"t":26,"p":756,"a":42,"h":44}
Fri, 11 Feb 2022 21:03:35 +0200
{"r":1024,"l":2,"t":26,"p":756,"a":42,"h":44}
Fri, 11 Feb 2022 21:08:35 +0200
{"r":1024,"l":1,"t":26,"p":756,"a":41,"h":44}
Fri, 11 Feb 2022 21:13:35 +0200
{"r":1024,"l":2,"t":26,"p":756,"a":40,"h":44}
Fri, 11 Feb 2022 21:18:35 +0200
{"r":1024,"l":1,"t":25,"p":756,"a":40,"h":43}
Fri, 11 Feb 2022 21:23:35 +0200
{"r":1024,"l":1,"t":25,"p":756,"a":39,"h":43}
Fri, 11 Feb 2022 21:28:35 +0200
{"r":1024,"l":1,"t":25,"p":756,"a":38,"h":43}
Fri, 11 Feb 2022 21:33:35 +0200
{"r":1024,"l":1,"t":25,"p":756,"a":37,"h":44}
Fri, 11 Feb 2022 21:38:35 +0200
{"r":1024,"l":1,"t":25,"p":756,"a":37,"h":44}
Fri, 11 Feb 2022 21:43:35 +0200
{"r":1024,"l":1,"t":25,"p":756,"a":36,"h":44}
Fri, 11 Feb 2022 21:48:35 +0200
{"r":1024,"l":1,"t":25,"p":756,"a":36,"h":44}
Fri, 11 Feb 2022 21:53:35 +0200
{"r":1024,"l":1,"t":25,"p":756,"a":36,"h":44}
Fri, 11 Feb 2022 21:58:35 +0200
{"r":1024,"l":1,"t":25,"p":756,"a":35,"h":44}
Fri, 11 Feb 2022 22:03:37 +0200
{"r":1024,"l":2,"t":25,"p":756,"a":35,"h":44}
Fri, 11 Feb 2022 22:08:35 +0200
{"r":1024,"l":2,"t":25,"p":756,"a":36,"h":44}
Fri, 11 Feb 2022 22:13:35 +0200
{"r":1024,"l":2,"t":25,"p":756,"a":36,"h":43}
Fri, 11 Feb 2022 22:18:35 +0200
{"r":1024,"l":0,"t":25,"p":756,"a":36,"h":43}
Fri, 11 Feb 2022 22:23:35 +0200
{"r":1024,"l":0,"t":25,"p":756,"a":36,"h":43}
Fri, 11 Feb 2022 22:28:35 +0200
{"r":1024,"l":0,"t":25,"p":756,"a":36,"h":43}
Fri, 11 Feb 2022 22:33:35 +0200
{"r":1024,"l":0,"t":25,"p":756,"a":36,"h":43}
Fri, 11 Feb 2022 22:38:35 +0200
{"r":1024,"l":3,"t":25,"p":756,"a":35,"h":43}
Fri, 11 Feb 2022 22:43:35 +0200
{"r":1024,"l":3,"t":24,"p":756,"a":35,"h":44}
Fri, 11 Feb 2022 22:48:35 +0200
{"r":1024,"l":3,"t":24,"p":756,"a":35,"h":44}
Fri, 11 Feb 2022 22:53:35 +0200
{"r":1024,"l":0,"t":24,"p":756,"a":34,"h":44}
Fri, 11 Feb 2022 22:58:35 +0200
{"r":1024,"l":0,"t":24,"p":756,"a":34,"h":45}
Fri, 11 Feb 2022 23:03:34 +0200
{"r":1024,"l":0,"t":24,"p":756,"a":34,"h":45}
Tue, 15 Feb 2022 14:03:13 +0200
{"r":1024,"l":4418,"t":13,"p":761,"a":-12,"h":41}
Tue, 15 Feb 2022 14:08:13 +0200
{"r":1024,"l":4335,"t":11,"p":761,"a":-12,"h":42}
Tue, 15 Feb 2022 14:13:13 +0200
{"r":1024,"l":4273,"t":10,"p":761,"a":-12,"h":43}
Tue, 15 Feb 2022 14:18:13 +0200
{"r":1024,"l":4232,"t":9,"p":761,"a":-12,"h":44}
Tue, 15 Feb 2022 14:23:13 +0200
{"r":1024,"l":4181,"t":9,"p":761,"a":-11,"h":45}
Tue, 15 Feb 2022 14:28:13 +0200
{"r":1024,"l":4175,"t":9,"p":761,"a":-11,"h":46}
Tue, 15 Feb 2022 14:33:13 +0200
{"r":1024,"l":4206,"t":8,"p":761,"a":-12,"h":46}
Tue, 15 Feb 2022 14:38:13 +0200
{"r":1024,"l":4087,"t":8,"p":760,"a":-11,"h":47}
Tue, 15 Feb 2022 14:43:13 +0200
{"r":1024,"l":4002,"t":8,"p":761,"a":-11,"h":47}
Tue, 15 Feb 2022 14:48:13 +0200
{"r":1024,"l":4458,"t":8,"p":761,"a":-11,"h":46}
Tue, 15 Feb 2022 14:53:13 +0200
{"r":1024,"l":5631,"t":9,"p":761,"a":-11,"h":47}
Tue, 15 Feb 2022 14:58:13 +0200
{"r":1024,"l":6140,"t":11,"p":761,"a":-11,"h":45}
Tue, 15 Feb 2022 15:03:13 +0200
{"r":1024,"l":6300,"t":15,"p":760,"a":-10,"h":41}
Tue, 15 Feb 2022 15:08:13 +0200
{"r":1024,"l":8306,"t":18,"p":760,"a":-10,"h":37}
Tue, 15 Feb 2022 15:13:13 +0200
{"r":1024,"l":8955,"t":19,"p":760,"a":-10,"h":34}
Tue, 15 Feb 2022 15:18:13 +0200
{"r":1024,"l":8916,"t":21,"p":760,"a":-9,"h":32}
Tue, 15 Feb 2022 15:23:13 +0200
{"r":1024,"l":9855,"t":22,"p":760,"a":-9,"h":30}
Tue, 15 Feb 2022 15:28:13 +0200
{"r":1024,"l":9909,"t":22,"p":760,"a":-9,"h":29}
Tue, 15 Feb 2022 15:33:13 +0200
{"r":1024,"l":10311,"t":22,"p":760,"a":-9,"h":28}
Tue, 15 Feb 2022 15:38:13 +0200
{"r":1024,"l":11677,"t":22,"p":760,"a":-9,"h":27}
Tue, 15 Feb 2022 15:43:13 +0200
{"r":1024,"l":11336,"t":22,"p":760,"a":-9,"h":27}
Tue, 15 Feb 2022 15:48:13 +0200
{"r":1024,"l":12056,"t":22,"p":760,"a":-8,"h":28}
Tue, 15 Feb 2022 15:53:13 +0200
{"r":1024,"l":11258,"t":22,"p":760,"a":-8,"h":27}
Tue, 15 Feb 2022 15:58:13 +0200
{"r":1024,"l":11735,"t":22,"p":760,"a":-8,"h":28}
Tue, 15 Feb 2022 16:03:13 +0200
{"r":1024,"l":11077,"t":21,"p":760,"a":-8,"h":28}
Tue, 15 Feb 2022 16:08:13 +0200
{"r":1024,"l":11143,"t":21,"p":760,"a":-8,"h":28}
Tue, 15 Feb 2022 16:13:13 +0200
{"r":1024,"l":9349,"t":20,"p":760,"a":-7,"h":29}
Tue, 15 Feb 2022 16:18:13 +0200
{"r":1024,"l":8881,"t":20,"p":760,"a":-7,"h":29}
Tue, 15 Feb 2022 16:23:13 +0200
{"r":1024,"l":3192,"t":18,"p":760,"a":-7,"h":30}
Tue, 15 Feb 2022 16:28:13 +0200
{"r":1024,"l":4428,"t":16,"p":760,"a":-7,"h":32}
Tue, 15 Feb 2022 16:33:13 +0200
{"r":1024,"l":3015,"t":14,"p":760,"a":-8,"h":34}
Tue, 15 Feb 2022 16:38:13 +0200
{"r":1024,"l":3811,"t":13,"p":760,"a":-8,"h":36}
Tue, 15 Feb 2022 16:43:13 +0200
{"r":1024,"l":1784,"t":12,"p":760,"a":-9,"h":38}
Tue, 15 Feb 2022 16:48:13 +0200
{"r":1024,"l":1188,"t":10,"p":760,"a":-9,"h":39}
Tue, 15 Feb 2022 16:53:13 +0200
{"r":1024,"l":616,"t":9,"p":760,"a":-9,"h":41}
Tue, 15 Feb 2022 16:58:13 +0200
{"r":1024,"l":407,"t":8,"p":760,"a":-10,"h":42}
Tue, 15 Feb 2022 17:03:13 +0200
{"r":1024,"l":267,"t":7,"p":760,"a":-10,"h":44}
Tue, 15 Feb 2022 17:08:13 +0200
{"r":1024,"l":160,"t":6,"p":760,"a":-10,"h":46}
Tue, 15 Feb 2022 17:13:13 +0200
{"r":1024,"l":85,"t":5,"p":760,"a":-10,"h":48}
Tue, 15 Feb 2022 17:18:13 +0200
{"r":1024,"l":40,"t":5,"p":761,"a":-11,"h":49}
Tue, 15 Feb 2022 17:23:13 +0200
{"r":1024,"l":16,"t":4,"p":761,"a":-11,"h":50}
Tue, 15 Feb 2022 17:28:13 +0200
{"r":1024,"l":6,"t":4,"p":761,"a":-12,"h":51}
Tue, 15 Feb 2022 17:33:13 +0200
{"r":1024,"l":2,"t":4,"p":761,"a":-12,"h":53}
Tue, 15 Feb 2022 17:38:13 +0200
{"r":1024,"l":0,"t":4,"p":761,"a":-13,"h":54}
Tue, 15 Feb 2022 17:43:13 +0200
{"r":1024,"l":0,"t":3,"p":761,"a":-14,"h":55}
Tue, 15 Feb 2022 17:48:13 +0200
{"r":1024,"l":0,"t":3,"p":761,"a":-14,"h":56}
Tue, 15 Feb 2022 17:53:13 +0200
{"r":1024,"l":0,"t":3,"p":761,"a":-14,"h":57}
Tue, 15 Feb 2022 17:58:13 +0200
{"r":1024,"l":0,"t":3,"p":761,"a":-15,"h":59}
Tue, 15 Feb 2022 18:03:13 +0200
{"r":1024,"l":0,"t":3,"p":761,"a":-15,"h":60}
Tue, 15 Feb 2022 18:08:13 +0200
{"r":1024,"l":0,"t":3,"p":761,"a":-16,"h":60}
Tue, 15 Feb 2022 18:13:13 +0200
{"r":1024,"l":0,"t":2,"p":761,"a":-16,"h":61}
Tue, 15 Feb 2022 18:18:13 +0200
{"r":1024,"l":0,"t":2,"p":761,"a":-17,"h":62}
Tue, 15 Feb 2022 18:23:13 +0200
{"r":1024,"l":0,"t":2,"p":761,"a":-18,"h":62}
Tue, 15 Feb 2022 18:28:13 +0200
{"r":1024,"l":0,"t":2,"p":761,"a":-18,"h":63}
Tue, 15 Feb 2022 18:33:13 +0200
{"r":1024,"l":0,"t":1,"p":761,"a":-18,"h":63}
Tue, 15 Feb 2022 18:38:13 +0200
{"r":1024,"l":0,"t":1,"p":761,"a":-17,"h":64}
Tue, 15 Feb 2022 18:43:13 +0200
{"r":1024,"l":0,"t":1,"p":761,"a":-18,"h":64}
Tue, 15 Feb 2022 18:48:13 +0200
{"r":1024,"l":0,"t":1,"p":761,"a":-18,"h":65}
Tue, 15 Feb 2022 18:53:13 +0200
{"r":1024,"l":0,"t":1,"p":761,"a":-18,"h":66}
Tue, 15 Feb 2022 18:58:13 +0200
{"r":1024,"l":0,"t":1,"p":761,"a":-17,"h":66}
Tue, 15 Feb 2022 19:03:13 +0200
{"r":1024,"l":0,"t":1,"p":761,"a":-17,"h":67}
Tue, 15 Feb 2022 19:08:13 +0200
{"r":1024,"l":0,"t":1,"p":761,"a":-16,"h":67}
Tue, 15 Feb 2022 19:13:13 +0200
{"r":1024,"l":0,"t":0,"p":761,"a":-16,"h":67}
Tue, 15 Feb 2022 19:18:13 +0200
{"r":1024,"l":0,"t":0,"p":761,"a":-16,"h":68}
Tue, 15 Feb 2022 19:23:13 +0200
{"r":1024,"l":0,"t":0,"p":761,"a":-13,"h":68}
Tue, 15 Feb 2022 19:28:13 +0200
{"r":1024,"l":0,"t":0,"p":761,"a":-12,"h":68}
Tue, 15 Feb 2022 19:33:13 +0200
{"r":1024,"l":0,"t":0,"p":761,"a":-13,"h":69}
Tue, 15 Feb 2022 19:38:13 +0200
{"r":1024,"l":0,"t":0,"p":761,"a":-12,"h":69}
Tue, 15 Feb 2022 19:43:13 +0200
{"r":1024,"l":0,"t":0,"p":761,"a":-12,"h":69}
Tue, 15 Feb 2022 19:48:13 +0200
{"r":1024,"l":0,"t":0,"p":761,"a":-12,"h":70}
Tue, 15 Feb 2022 19:53:13 +0200
{"r":1024,"l":0,"t":0,"p":761,"a":-12,"h":70}
Tue, 15 Feb 2022 19:58:13 +0200
{"r":1024,"l":0,"t":0,"p":761,"a":-12,"h":70}
Tue, 15 Feb 2022 20:03:13 +0200
{"r":1024,"l":0,"t":0,"p":761,"a":-12,"h":70}
Tue, 15 Feb 2022 20:08:13 +0200
{"r":1024,"l":0,"t":0,"p":761,"a":-12,"h":71}
Tue, 15 Feb 2022 20:13:13 +0200
{"r":1024,"l":0,"t":0,"p":761,"a":-13,"h":71}
Tue, 15 Feb 2022 20:18:13 +0200
{"r":1024,"l":0,"t":0,"p":761,"a":-13,"h":71}
Tue, 15 Feb 2022 20:23:13 +0200
{"r":1024,"l":0,"t":0,"p":761,"a":-13,"h":71}
Tue, 15 Feb 2022 20:28:13 +0200
{"r":1024,"l":0,"t":0,"p":761,"a":-13,"h":71}
Tue, 15 Feb 2022 20:33:13 +0200
{"r":1024,"l":0,"t":0,"p":761,"a":-14,"h":72}
Tue, 15 Feb 2022 20:38:13 +0200
{"r":1024,"l":0,"t":0,"p":761,"a":-13,"h":72}
Tue, 15 Feb 2022 20:43:13 +0200
{"r":1024,"l":0,"t":0,"p":761,"a":-14,"h":72}
Tue, 15 Feb 2022 20:48:13 +0200
{"r":1024,"l":0,"t":0,"p":761,"a":-14,"h":72}
Tue, 15 Feb 2022 20:53:13 +0200
{"r":1024,"l":0,"t":0,"p":761,"a":-12,"h":72}
Tue, 15 Feb 2022 20:58:13 +0200
{"r":1024,"l":0,"t":0,"p":761,"a":-12,"h":73}
Tue, 15 Feb 2022 21:03:13 +0200
{"r":1024,"l":0,"t":0,"p":761,"a":-11,"h":73}
Tue, 15 Feb 2022 21:08:13 +0200
{"r":1024,"l":0,"t":0,"p":761,"a":-11,"h":73}
Tue, 15 Feb 2022 21:13:13 +0200
{"r":1024,"l":0,"t":0,"p":761,"a":-12,"h":73}
Tue, 15 Feb 2022 21:18:13 +0200
{"r":1024,"l":0,"t":0,"p":761,"a":-11,"h":73}
Tue, 15 Feb 2022 21:23:13 +0200
{"r":1024,"l":0,"t":0,"p":761,"a":-12,"h":73}
Tue, 15 Feb 2022 21:28:13 +0200
{"r":1024,"l":0,"t":0,"p":761,"a":-13,"h":74}
Tue, 15 Feb 2022 21:33:13 +0200
{"r":1024,"l":0,"t":0,"p":761,"a":-12,"h":74}
Tue, 15 Feb 2022 21:38:13 +0200
{"r":1024,"l":0,"t":-1,"p":761,"a":-12,"h":74}
Tue, 15 Feb 2022 21:43:13 +0200
{"r":1024,"l":0,"t":-1,"p":761,"a":-12,"h":74}
Tue, 15 Feb 2022 21:48:13 +0200
{"r":1024,"l":0,"t":-1,"p":761,"a":-12,"h":74}
Tue, 15 Feb 2022 21:53:13 +0200
{"r":1024,"l":0,"t":-1,"p":761,"a":-13,"h":75}
Tue, 15 Feb 2022 21:58:13 +0200
{"r":1024,"l":0,"t":-1,"p":761,"a":-13,"h":75}
Tue, 15 Feb 2022 22:03:13 +0200
{"r":1024,"l":0,"t":-1,"p":761,"a":-14,"h":75}
Tue, 15 Feb 2022 22:08:13 +0200
{"r":1024,"l":0,"t":-1,"p":761,"a":-14,"h":75}
Tue, 15 Feb 2022 22:13:13 +0200
{"r":1024,"l":0,"t":-1,"p":761,"a":-14,"h":75}
Tue, 15 Feb 2022 22:18:13 +0200
{"r":1024,"l":0,"t":-1,"p":761,"a":-14,"h":75}
Tue, 15 Feb 2022 22:23:13 +0200
{"r":1024,"l":0,"t":-1,"p":761,"a":-14,"h":76}
Tue, 15 Feb 2022 22:28:13 +0200
{"r":1024,"l":0,"t":-1,"p":761,"a":-14,"h":76}
Tue, 15 Feb 2022 22:33:13 +0200
{"r":1024,"l":0,"t":-1,"p":761,"a":-14,"h":76}
Tue, 15 Feb 2022 22:38:13 +0200
{"r":1024,"l":0,"t":-1,"p":761,"a":-13,"h":76}
Tue, 15 Feb 2022 22:43:13 +0200
{"r":1024,"l":0,"t":-1,"p":761,"a":-14,"h":77}
Tue, 15 Feb 2022 22:48:13 +0200
{"r":1024,"l":0,"t":-1,"p":761,"a":-14,"h":77}
Tue, 15 Feb 2022 22:53:13 +0200
{"r":1024,"l":0,"t":-1,"p":761,"a":-14,"h":77}
Tue, 15 Feb 2022 22:58:13 +0200
{"r":1024,"l":0,"t":-1,"p":761,"a":-14,"h":77}
Tue, 15 Feb 2022 23:03:12 +0200
{"r":1024,"l":0,"t":-1,"p":761,"a":-14,"h":77}
Tue, 15 Feb 2022 23:08:13 +0200
{"r":1024,"l":0,"t":-1,"p":761,"a":-14,"h":77}
Tue, 15 Feb 2022 23:13:13 +0200
{"r":1024,"l":0,"t":-1,"p":761,"a":-14,"h":78}
Tue, 15 Feb 2022 23:18:13 +0200
{"r":1024,"l":0,"t":-1,"p":761,"a":-14,"h":78}
Tue, 15 Feb 2022 23:23:12 +0200
{"r":1024,"l":0,"t":-1,"p":761,"a":-14,"h":78}
Tue, 15 Feb 2022 23:28:13 +0200
{"r":1024,"l":0,"t":-1,"p":761,"a":-13,"h":78}
Tue, 15 Feb 2022 23:33:13 +0200
{"r":1024,"l":0,"t":-1,"p":761,"a":-14,"h":78}
Tue, 15 Feb 2022 23:38:13 +0200
{"r":1024,"l":0,"t":-1,"p":761,"a":-14,"h":79}
Tue, 15 Feb 2022 23:43:13 +0200
{"r":1024,"l":0,"t":-2,"p":761,"a":-14,"h":79}
Tue, 15 Feb 2022 23:48:12 +0200
{"r":1024,"l":0,"t":-2,"p":761,"a":-14,"h":79}
Tue, 15 Feb 2022 23:53:13 +0200
{"r":1024,"l":0,"t":-2,"p":761,"a":-14,"h":79}
Tue, 15 Feb 2022 23:58:13 +0200
{"r":1024,"l":0,"t":-2,"p":761,"a":-14,"h":79}
Wed, 16 Feb 2022 00:03:12 +0200
{"r":1024,"l":0,"t":-2,"p":761,"a":-15,"h":80}
Wed, 16 Feb 2022 00:08:13 +0200
{"r":1024,"l":0,"t":-2,"p":761,"a":-14,"h":80}
Wed, 16 Feb 2022 00:13:13 +0200
{"r":1024,"l":0,"t":-2,"p":761,"a":-14,"h":80}
Wed, 16 Feb 2022 00:18:13 +0200
{"r":1024,"l":0,"t":-2,"p":761,"a":-14,"h":80}
Wed, 16 Feb 2022 00:23:13 +0200
{"r":1024,"l":0,"t":-2,"p":761,"a":-13,"h":80}
Wed, 16 Feb 2022 00:28:13 +0200
{"r":1024,"l":0,"t":-2,"p":761,"a":-14,"h":80}
Wed, 16 Feb 2022 00:33:13 +0200
{"r":1024,"l":0,"t":-2,"p":761,"a":-13,"h":81}
Wed, 16 Feb 2022 00:38:13 +0200
{"r":1024,"l":0,"t":-2,"p":761,"a":-14,"h":81}
Wed, 16 Feb 2022 00:43:13 +0200
{"r":1024,"l":0,"t":-2,"p":761,"a":-14,"h":81}
Wed, 16 Feb 2022 00:48:13 +0200
{"r":1024,"l":0,"t":-2,"p":761,"a":-14,"h":81}
Wed, 16 Feb 2022 00:53:13 +0200
{"r":1024,"l":0,"t":-2,"p":761,"a":-13,"h":81}
Wed, 16 Feb 2022 00:58:14 +0200
{"r":1024,"l":0,"t":-2,"p":761,"a":-13,"h":81}
Wed, 16 Feb 2022 01:03:13 +0200
{"r":1024,"l":0,"t":-2,"p":761,"a":-14,"h":82}
Wed, 16 Feb 2022 01:08:14 +0200
{"r":1024,"l":0,"t":-1,"p":761,"a":-14,"h":82}
Wed, 16 Feb 2022 01:13:13 +0200
{"r":1024,"l":0,"t":-1,"p":761,"a":-14,"h":82}
Wed, 16 Feb 2022 01:18:14 +0200
{"r":1024,"l":0,"t":-1,"p":761,"a":-15,"h":82}
Wed, 16 Feb 2022 01:23:14 +0200
{"r":1024,"l":0,"t":-1,"p":761,"a":-14,"h":82}
Wed, 16 Feb 2022 01:28:14 +0200
{"r":1024,"l":0,"t":-1,"p":761,"a":-15,"h":83}
Wed, 16 Feb 2022 01:33:14 +0200
{"r":1024,"l":0,"t":-1,"p":761,"a":-14,"h":83}
Wed, 16 Feb 2022 01:38:13 +0200
{"r":1024,"l":0,"t":-1,"p":761,"a":-14,"h":83}
Wed, 16 Feb 2022 01:43:14 +0200
{"r":1024,"l":0,"t":-1,"p":761,"a":-13,"h":83}
Wed, 16 Feb 2022 01:48:14 +0200
{"r":1024,"l":0,"t":-1,"p":761,"a":-12,"h":83}
Wed, 16 Feb 2022 01:53:14 +0200
{"r":1024,"l":0,"t":-1,"p":761,"a":-13,"h":83}
Wed, 16 Feb 2022 01:58:14 +0200
{"r":1024,"l":0,"t":-1,"p":761,"a":-13,"h":84}
Wed, 16 Feb 2022 02:03:14 +0200
{"r":1024,"l":0,"t":-1,"p":761,"a":-13,"h":84}
Wed, 16 Feb 2022 02:08:14 +0200
{"r":1024,"l":0,"t":-1,"p":761,"a":-13,"h":84}
Wed, 16 Feb 2022 02:13:14 +0200
{"r":1024,"l":0,"t":-1,"p":761,"a":-13,"h":84}
Wed, 16 Feb 2022 02:18:14 +0200
{"r":1024,"l":0,"t":-1,"p":761,"a":-12,"h":84}
Wed, 16 Feb 2022 02:23:14 +0200
{"r":1024,"l":0,"t":-1,"p":761,"a":-12,"h":84}
Wed, 16 Feb 2022 02:28:14 +0200
{"r":1024,"l":0,"t":-1,"p":761,"a":-12,"h":84}
Wed, 16 Feb 2022 02:33:14 +0200
{"r":1024,"l":0,"t":-1,"p":761,"a":-11,"h":85}
Wed, 16 Feb 2022 02:38:14 +0200
{"r":1024,"l":0,"t":-1,"p":761,"a":-11,"h":85}
Wed, 16 Feb 2022 02:43:14 +0200
{"r":1024,"l":0,"t":-1,"p":761,"a":-11,"h":85}
Wed, 16 Feb 2022 02:48:14 +0200
{"r":1024,"l":0,"t":-1,"p":760,"a":-10,"h":85}
Wed, 16 Feb 2022 02:53:14 +0200
{"r":1024,"l":0,"t":-1,"p":760,"a":-10,"h":85}
Wed, 16 Feb 2022 02:58:14 +0200
{"r":1024,"l":0,"t":-1,"p":760,"a":-9,"h":85}
Wed, 16 Feb 2022 03:03:14 +0200
{"r":1024,"l":0,"t":-1,"p":760,"a":-9,"h":85}
Wed, 16 Feb 2022 03:08:14 +0200
{"r":1024,"l":0,"t":0,"p":760,"a":-10,"h":85}
Wed, 16 Feb 2022 03:13:14 +0200
{"r":1024,"l":0,"t":0,"p":760,"a":-10,"h":86}
Wed, 16 Feb 2022 03:18:14 +0200
{"r":1024,"l":0,"t":0,"p":760,"a":-10,"h":86}
Wed, 16 Feb 2022 03:23:14 +0200
{"r":1024,"l":0,"t":0,"p":760,"a":-10,"h":86}
Wed, 16 Feb 2022 03:28:14 +0200
{"r":1024,"l":0,"t":0,"p":760,"a":-10,"h":86}
Wed, 16 Feb 2022 03:33:14 +0200
{"r":1024,"l":0,"t":0,"p":760,"a":-10,"h":86}
Wed, 16 Feb 2022 03:38:14 +0200
{"r":1024,"l":0,"t":0,"p":760,"a":-10,"h":86}
Wed, 16 Feb 2022 03:43:14 +0200
{"r":1024,"l":0,"t":0,"p":760,"a":-10,"h":86}
Wed, 16 Feb 2022 03:48:14 +0200
{"r":1024,"l":0,"t":0,"p":760,"a":-10,"h":86}
Wed, 16 Feb 2022 03:53:14 +0200
{"r":1024,"l":0,"t":0,"p":760,"a":-10,"h":87}
Wed, 16 Feb 2022 03:58:14 +0200
{"r":1024,"l":0,"t":0,"p":760,"a":-10,"h":87}
Wed, 16 Feb 2022 04:03:14 +0200
{"r":1024,"l":0,"t":0,"p":760,"a":-11,"h":87}
Wed, 16 Feb 2022 04:08:14 +0200
{"r":1024,"l":0,"t":0,"p":760,"a":-10,"h":87}
Wed, 16 Feb 2022 04:13:14 +0200
{"r":1024,"l":0,"t":0,"p":760,"a":-10,"h":87}
Wed, 16 Feb 2022 04:18:14 +0200
{"r":1024,"l":0,"t":0,"p":760,"a":-10,"h":87}
Wed, 16 Feb 2022 04:23:14 +0200
{"r":1024,"l":0,"t":0,"p":760,"a":-10,"h":87}
Wed, 16 Feb 2022 04:28:14 +0200
{"r":1024,"l":0,"t":-1,"p":760,"a":-10,"h":87}
Wed, 16 Feb 2022 04:33:14 +0200
{"r":1024,"l":0,"t":-1,"p":760,"a":-10,"h":87}
Wed, 16 Feb 2022 04:38:14 +0200
{"r":1024,"l":0,"t":-1,"p":760,"a":-9,"h":87}
Wed, 16 Feb 2022 04:43:14 +0200
{"r":1024,"l":0,"t":-1,"p":760,"a":-9,"h":87}
Wed, 16 Feb 2022 04:48:14 +0200
{"r":1024,"l":0,"t":-1,"p":760,"a":-9,"h":87}
Wed, 16 Feb 2022 04:53:14 +0200
{"r":1024,"l":0,"t":-1,"p":760,"a":-8,"h":88}
Wed, 16 Feb 2022 04:58:14 +0200
{"r":1024,"l":0,"t":-1,"p":760,"a":-8,"h":88}
Wed, 16 Feb 2022 05:03:14 +0200
{"r":1024,"l":0,"t":-1,"p":760,"a":-9,"h":88}
Wed, 16 Feb 2022 05:08:14 +0200
{"r":1024,"l":0,"t":-1,"p":760,"a":-9,"h":88}
Wed, 16 Feb 2022 05:13:14 +0200
{"r":1024,"l":0,"t":-1,"p":760,"a":-9,"h":88}
Wed, 16 Feb 2022 05:18:14 +0200
{"r":1024,"l":0,"t":-1,"p":760,"a":-9,"h":88}
Wed, 16 Feb 2022 05:23:14 +0200
{"r":1024,"l":0,"t":-1,"p":760,"a":-9,"h":88}
Wed, 16 Feb 2022 05:28:14 +0200
{"r":1024,"l":0,"t":-1,"p":760,"a":-8,"h":88}
Wed, 16 Feb 2022 05:33:14 +0200
{"r":1024,"l":0,"t":-1,"p":760,"a":-8,"h":88}
Wed, 16 Feb 2022 05:38:14 +0200
{"r":1024,"l":0,"t":-1,"p":760,"a":-8,"h":88}
Wed, 16 Feb 2022 05:43:14 +0200
{"r":1024,"l":0,"t":-1,"p":760,"a":-8,"h":88}
Wed, 16 Feb 2022 05:48:14 +0200
{"r":1024,"l":0,"t":-1,"p":760,"a":-8,"h":88}
Wed, 16 Feb 2022 05:53:14 +0200
{"r":1024,"l":0,"t":-1,"p":760,"a":-8,"h":88}
Wed, 16 Feb 2022 05:58:14 +0200
{"r":1024,"l":0,"t":-1,"p":760,"a":-9,"h":89}
Wed, 16 Feb 2022 06:03:14 +0200
{"r":1024,"l":0,"t":-1,"p":760,"a":-8,"h":89}
Wed, 16 Feb 2022 06:08:14 +0200
{"r":1024,"l":0,"t":-1,"p":760,"a":-8,"h":89}
Wed, 16 Feb 2022 06:13:14 +0200
{"r":1024,"l":0,"t":-1,"p":760,"a":-8,"h":89}
Wed, 16 Feb 2022 06:18:14 +0200
{"r":1024,"l":0,"t":-1,"p":760,"a":-9,"h":89}
Wed, 16 Feb 2022 06:23:14 +0200
{"r":1024,"l":0,"t":-1,"p":760,"a":-8,"h":89}
Wed, 16 Feb 2022 06:28:14 +0200
{"r":1024,"l":1,"t":-1,"p":760,"a":-8,"h":89}
Wed, 16 Feb 2022 06:33:14 +0200
{"r":1024,"l":4,"t":-1,"p":760,"a":-7,"h":89}
Wed, 16 Feb 2022 06:38:14 +0200
{"r":1024,"l":11,"t":-1,"p":760,"a":-7,"h":89}
Wed, 16 Feb 2022 06:43:14 +0200
{"r":1024,"l":17,"t":-1,"p":760,"a":-8,"h":89}
Wed, 16 Feb 2022 06:48:14 +0200
{"r":1024,"l":32,"t":-1,"p":760,"a":-9,"h":89}
Wed, 16 Feb 2022 06:53:14 +0200
{"r":1024,"l":51,"t":-1,"p":760,"a":-9,"h":89}
Wed, 16 Feb 2022 06:58:14 +0200
{"r":1024,"l":88,"t":-1,"p":760,"a":-9,"h":89}
Wed, 16 Feb 2022 07:03:14 +0200
{"r":1024,"l":114,"t":-1,"p":760,"a":-9,"h":89}
Wed, 16 Feb 2022 07:08:14 +0200
{"r":1024,"l":149,"t":0,"p":760,"a":-9,"h":89}
Wed, 16 Feb 2022 07:13:14 +0200
{"r":1024,"l":186,"t":0,"p":760,"a":-10,"h":89}
Wed, 16 Feb 2022 07:18:14 +0200
{"r":1024,"l":166,"t":0,"p":760,"a":-9,"h":89}
Wed, 16 Feb 2022 07:23:14 +0200
{"r":1024,"l":170,"t":0,"p":760,"a":-10,"h":90}
Wed, 16 Feb 2022 07:28:14 +0200
{"r":1024,"l":214,"t":0,"p":760,"a":-10,"h":90}
Wed, 16 Feb 2022 07:33:14 +0200
{"r":1024,"l":278,"t":0,"p":760,"a":-10,"h":90}
Wed, 16 Feb 2022 07:38:14 +0200
{"r":1024,"l":344,"t":0,"p":760,"a":-10,"h":90}
Wed, 16 Feb 2022 07:43:14 +0200
{"r":1024,"l":295,"t":0,"p":760,"a":-9,"h":90}
Wed, 16 Feb 2022 07:48:14 +0200
{"r":1024,"l":432,"t":0,"p":760,"a":-10,"h":90}
Wed, 16 Feb 2022 07:53:14 +0200
{"r":1024,"l":518,"t":0,"p":760,"a":-9,"h":90}
Wed, 16 Feb 2022 07:58:14 +0200
{"r":1024,"l":592,"t":0,"p":760,"a":-9,"h":90}
Wed, 16 Feb 2022 08:03:14 +0200
{"r":1024,"l":628,"t":0,"p":760,"a":-10,"h":90}
Wed, 16 Feb 2022 08:08:14 +0200
{"r":1024,"l":680,"t":0,"p":760,"a":-10,"h":90}
Wed, 16 Feb 2022 08:13:14 +0200
{"r":1024,"l":698,"t":0,"p":760,"a":-10,"h":90}
Wed, 16 Feb 2022 08:18:14 +0200
{"r":1024,"l":748,"t":0,"p":760,"a":-9,"h":90}
Wed, 16 Feb 2022 08:23:14 +0200
{"r":1024,"l":815,"t":0,"p":760,"a":-9,"h":90}
Wed, 16 Feb 2022 08:28:14 +0200
{"r":1024,"l":873,"t":0,"p":760,"a":-9,"h":90}
Wed, 16 Feb 2022 08:33:14 +0200
{"r":1024,"l":918,"t":0,"p":760,"a":-9,"h":90}
Wed, 16 Feb 2022 08:38:14 +0200
{"r":1024,"l":947,"t":0,"p":760,"a":-9,"h":90}
Wed, 16 Feb 2022 08:43:14 +0200
{"r":1024,"l":1151,"t":0,"p":760,"a":-8,"h":90}
Wed, 16 Feb 2022 08:48:14 +0200
{"r":1024,"l":1580,"t":0,"p":760,"a":-8,"h":90}
Wed, 16 Feb 2022 08:53:14 +0200
{"r":1024,"l":2441,"t":0,"p":760,"a":-6,"h":90}
Wed, 16 Feb 2022 08:58:14 +0200
{"r":1024,"l":3229,"t":0,"p":760,"a":-4,"h":91}
Wed, 16 Feb 2022 09:03:14 +0200
{"r":1024,"l":3559,"t":1,"p":760,"a":-5,"h":91}
Wed, 16 Feb 2022 09:08:14 +0200
{"r":1024,"l":3583,"t":1,"p":760,"a":-6,"h":91}
Wed, 16 Feb 2022 09:13:14 +0200
{"r":1024,"l":3529,"t":1,"p":760,"a":-7,"h":91}
Wed, 16 Feb 2022 09:18:14 +0200
{"r":1024,"l":3316,"t":2,"p":760,"a":-7,"h":91}
Wed, 16 Feb 2022 09:23:14 +0200
{"r":1024,"l":2685,"t":2,"p":760,"a":-8,"h":91}
Wed, 16 Feb 2022 09:28:14 +0200
{"r":1024,"l":3210,"t":2,"p":760,"a":-9,"h":91}
Wed, 16 Feb 2022 09:33:14 +0200
{"r":1024,"l":4240,"t":2,"p":760,"a":-6,"h":91}
Wed, 16 Feb 2022 09:38:14 +0200
{"r":1024,"l":4011,"t":2,"p":760,"a":-7,"h":91}
Wed, 16 Feb 2022 09:43:14 +0200
{"r":1024,"l":4728,"t":3,"p":760,"a":-6,"h":91}
Wed, 16 Feb 2022 09:48:14 +0200
{"r":1024,"l":5073,"t":3,"p":760,"a":-3,"h":91}
Wed, 16 Feb 2022 09:53:14 +0200
{"r":1024,"l":5335,"t":3,"p":760,"a":-6,"h":91}
Wed, 16 Feb 2022 09:58:14 +0200
{"r":1024,"l":5568,"t":4,"p":760,"a":-4,"h":91}
Wed, 16 Feb 2022 10:03:14 +0200
{"r":1024,"l":5886,"t":4,"p":760,"a":-3,"h":90}
Wed, 16 Feb 2022 10:08:14 +0200
{"r":1024,"l":8361,"t":4,"p":760,"a":-5,"h":90}
Wed, 16 Feb 2022 10:13:14 +0200
{"r":1024,"l":6611,"t":5,"p":760,"a":-6,"h":90}
Wed, 16 Feb 2022 10:18:14 +0200
{"r":1024,"l":7019,"t":5,"p":760,"a":-5,"h":90}
Wed, 16 Feb 2022 10:23:14 +0200
{"r":1024,"l":6447,"t":6,"p":760,"a":-4,"h":90}
Wed, 16 Feb 2022 10:28:14 +0200
{"r":1024,"l":5986,"t":6,"p":760,"a":-3,"h":89}
Wed, 16 Feb 2022 10:33:14 +0200
{"r":1024,"l":7430,"t":5,"p":760,"a":-5,"h":89}
Wed, 16 Feb 2022 10:38:14 +0200
{"r":1024,"l":6243,"t":5,"p":760,"a":-4,"h":88}
Wed, 16 Feb 2022 10:43:14 +0200
{"r":1024,"l":7244,"t":5,"p":760,"a":-4,"h":87}
Wed, 16 Feb 2022 10:48:14 +0200
{"r":1024,"l":7557,"t":5,"p":760,"a":-3,"h":87}
Wed, 16 Feb 2022 10:53:14 +0200
{"r":1024,"l":7404,"t":5,"p":760,"a":-3,"h":86}
Wed, 16 Feb 2022 10:58:14 +0200
{"r":1024,"l":7750,"t":5,"p":760,"a":-2,"h":86}
Wed, 16 Feb 2022 11:03:14 +0200
{"r":1024,"l":7984,"t":5,"p":760,"a":-1,"h":85}
Wed, 16 Feb 2022 11:08:14 +0200
{"r":1024,"l":8354,"t":6,"p":760,"a":-2,"h":85}
Wed, 16 Feb 2022 11:13:14 +0200
{"r":1024,"l":7901,"t":6,"p":760,"a":-2,"h":84}
Wed, 16 Feb 2022 11:18:14 +0200
{"r":1024,"l":8261,"t":7,"p":760,"a":-2,"h":84}
Wed, 16 Feb 2022 11:23:14 +0200
{"r":1024,"l":8803,"t":7,"p":760,"a":0,"h":83}
Wed, 16 Feb 2022 11:28:14 +0200
{"r":1024,"l":7716,"t":8,"p":760,"a":0,"h":82}
Wed, 16 Feb 2022 11:33:14 +0200
{"r":1024,"l":7368,"t":8,"p":759,"a":0,"h":81}
Wed, 16 Feb 2022 11:38:14 +0200
{"r":1024,"l":7151,"t":7,"p":759,"a":0,"h":79}
Wed, 16 Feb 2022 11:43:14 +0200
{"r":1024,"l":6780,"t":7,"p":759,"a":2,"h":78}
Wed, 16 Feb 2022 11:48:14 +0200
{"r":1024,"l":6280,"t":7,"p":759,"a":2,"h":78}
Wed, 16 Feb 2022 11:53:14 +0200
{"r":1024,"l":6166,"t":7,"p":759,"a":2,"h":77}
Wed, 16 Feb 2022 11:58:14 +0200
{"r":1024,"l":6525,"t":7,"p":759,"a":3,"h":76}
Wed, 16 Feb 2022 12:03:14 +0200
{"r":1024,"l":7207,"t":7,"p":759,"a":4,"h":75}
Wed, 16 Feb 2022 12:08:14 +0200
{"r":1024,"l":7601,"t":8,"p":759,"a":4,"h":75}
Wed, 16 Feb 2022 12:13:14 +0200
{"r":1024,"l":7610,"t":8,"p":759,"a":4,"h":74}
Wed, 16 Feb 2022 12:18:14 +0200
{"r":1024,"l":7374,"t":9,"p":759,"a":4,"h":73}
Wed, 16 Feb 2022 12:23:14 +0200
{"r":1024,"l":7704,"t":9,"p":759,"a":5,"h":72}
Wed, 16 Feb 2022 12:28:14 +0200
{"r":1024,"l":6379,"t":9,"p":759,"a":5,"h":71}
Wed, 16 Feb 2022 12:33:14 +0200
{"r":1024,"l":6113,"t":9,"p":759,"a":6,"h":70}
Wed, 16 Feb 2022 12:38:14 +0200
{"r":1024,"l":7440,"t":9,"p":759,"a":6,"h":69}
Wed, 16 Feb 2022 12:43:14 +0200
{"r":1024,"l":8066,"t":9,"p":759,"a":6,"h":69}
Wed, 16 Feb 2022 12:48:14 +0200
{"r":1024,"l":8804,"t":9,"p":759,"a":7,"h":68}
Wed, 16 Feb 2022 12:53:14 +0200
{"r":1024,"l":8985,"t":10,"p":759,"a":6,"h":67}
Wed, 16 Feb 2022 12:58:14 +0200
{"r":1024,"l":8176,"t":10,"p":759,"a":6,"h":67}
Wed, 16 Feb 2022 13:03:14 +0200
{"r":1024,"l":7180,"t":10,"p":759,"a":6,"h":66}
Wed, 16 Feb 2022 13:08:14 +0200
{"r":1024,"l":6857,"t":10,"p":759,"a":7,"h":65}
Wed, 16 Feb 2022 13:13:14 +0200
{"r":1024,"l":6675,"t":9,"p":759,"a":8,"h":64}
Wed, 16 Feb 2022 13:18:14 +0200
{"r":1024,"l":7004,"t":9,"p":759,"a":8,"h":64}
Wed, 16 Feb 2022 13:23:14 +0200
{"r":1024,"l":6434,"t":9,"p":759,"a":9,"h":64}
Wed, 16 Feb 2022 13:28:15 +0200
{"r":1024,"l":5982,"t":9,"p":759,"a":10,"h":64}
Wed, 16 Feb 2022 13:33:14 +0200
{"r":1024,"l":5223,"t":9,"p":759,"a":10,"h":64}
Wed, 16 Feb 2022 13:38:15 +0200
{"r":1024,"l":5124,"t":9,"p":758,"a":11,"h":64}
Wed, 16 Feb 2022 13:43:14 +0200
{"r":1024,"l":4638,"t":9,"p":758,"a":11,"h":64}
Wed, 16 Feb 2022 13:48:14 +0200
{"r":1024,"l":3446,"t":8,"p":758,"a":11,"h":64}
Wed, 16 Feb 2022 13:53:14 +0200
{"r":1024,"l":3602,"t":8,"p":758,"a":12,"h":64}
Wed, 16 Feb 2022 13:58:14 +0200
{"r":1024,"l":3198,"t":8,"p":758,"a":13,"h":64}
Wed, 16 Feb 2022 14:03:15 +0200
{"r":1024,"l":2830,"t":7,"p":758,"a":13,"h":64}
Wed, 16 Feb 2022 14:08:15 +0200
{"r":1024,"l":2371,"t":7,"p":758,"a":13,"h":65}
Wed, 16 Feb 2022 14:13:15 +0200
{"r":1024,"l":1989,"t":7,"p":758,"a":14,"h":65}
Wed, 16 Feb 2022 14:18:15 +0200
{"r":1024,"l":2864,"t":7,"p":758,"a":13,"h":65}
Wed, 16 Feb 2022 14:23:15 +0200
{"r":1024,"l":2796,"t":7,"p":758,"a":15,"h":66}
Wed, 16 Feb 2022 14:28:14 +0200
{"r":1024,"l":2415,"t":7,"p":758,"a":15,"h":66}
Wed, 16 Feb 2022 14:33:15 +0200
{"r":1024,"l":1893,"t":7,"p":758,"a":15,"h":67}
Wed, 16 Feb 2022 14:38:15 +0200
{"r":1024,"l":1493,"t":6,"p":758,"a":15,"h":67}
Wed, 16 Feb 2022 14:43:14 +0200
{"r":1024,"l":919,"t":6,"p":758,"a":15,"h":67}
Wed, 16 Feb 2022 14:48:15 +0200
{"r":1024,"l":1113,"t":6,"p":758,"a":15,"h":67}
Wed, 16 Feb 2022 14:53:15 +0200
{"r":1024,"l":1805,"t":6,"p":758,"a":16,"h":67}
Wed, 16 Feb 2022 14:58:15 +0200
{"r":1024,"l":2600,"t":6,"p":758,"a":16,"h":68}
Wed, 16 Feb 2022 15:03:15 +0200
{"r":1024,"l":2175,"t":6,"p":758,"a":17,"h":68}
Wed, 16 Feb 2022 15:08:15 +0200
{"r":1024,"l":1454,"t":6,"p":758,"a":17,"h":68}
Wed, 16 Feb 2022 15:13:15 +0200
{"r":1024,"l":1053,"t":6,"p":758,"a":17,"h":68}
Wed, 16 Feb 2022 15:18:15 +0200
{"r":1024,"l":1235,"t":6,"p":758,"a":17,"h":68}
Wed, 16 Feb 2022 15:23:15 +0200
{"r":917,"l":1118,"t":6,"p":758,"a":18,"h":68}
Wed, 16 Feb 2022 15:28:15 +0200
{"r":658,"l":999,"t":6,"p":758,"a":18,"h":69}
Wed, 16 Feb 2022 15:33:15 +0200
{"r":613,"l":954,"t":5,"p":758,"a":19,"h":69}
Wed, 16 Feb 2022 15:38:15 +0200
{"r":592,"l":1045,"t":5,"p":758,"a":20,"h":69}
Wed, 16 Feb 2022 15:43:15 +0200
{"r":586,"l":978,"t":5,"p":758,"a":20,"h":70}
Wed, 16 Feb 2022 15:48:15 +0200
{"r":603,"l":689,"t":5,"p":758,"a":20,"h":70}
Wed, 16 Feb 2022 15:53:15 +0200
{"r":607,"l":688,"t":5,"p":758,"a":21,"h":70}
Wed, 16 Feb 2022 15:58:15 +0200
{"r":625,"l":802,"t":5,"p":758,"a":22,"h":70}
Wed, 16 Feb 2022 16:03:15 +0200
{"r":648,"l":799,"t":5,"p":757,"a":23,"h":71}
Wed, 16 Feb 2022 16:08:15 +0200
{"r":684,"l":725,"t":5,"p":757,"a":23,"h":71}
Wed, 16 Feb 2022 16:13:15 +0200
{"r":712,"l":1019,"t":5,"p":757,"a":23,"h":71}
Wed, 16 Feb 2022 16:18:15 +0200
{"r":736,"l":776,"t":5,"p":757,"a":25,"h":71}
Wed, 16 Feb 2022 16:23:15 +0200
{"r":763,"l":595,"t":5,"p":757,"a":25,"h":72}
Wed, 16 Feb 2022 16:28:15 +0200
{"r":810,"l":419,"t":5,"p":757,"a":25,"h":72}
Wed, 16 Feb 2022 16:33:15 +0200
{"r":833,"l":380,"t":5,"p":757,"a":26,"h":72}
Wed, 16 Feb 2022 16:38:15 +0200
{"r":870,"l":320,"t":4,"p":757,"a":26,"h":72}
Wed, 16 Feb 2022 16:43:15 +0200
{"r":929,"l":202,"t":4,"p":757,"a":26,"h":72}
Wed, 16 Feb 2022 16:48:15 +0200
{"r":941,"l":118,"t":4,"p":757,"a":26,"h":72}
Wed, 16 Feb 2022 16:53:15 +0200
{"r":970,"l":98,"t":4,"p":757,"a":26,"h":72}
Wed, 16 Feb 2022 16:58:15 +0200
{"r":987,"l":65,"t":4,"p":757,"a":26,"h":73}
Wed, 16 Feb 2022 17:03:15 +0200
{"r":1004,"l":35,"t":4,"p":757,"a":25,"h":73}
Wed, 16 Feb 2022 17:08:15 +0200
{"r":1024,"l":23,"t":4,"p":757,"a":26,"h":73}
Wed, 16 Feb 2022 17:13:15 +0200
{"r":1024,"l":13,"t":4,"p":757,"a":26,"h":73}
Wed, 16 Feb 2022 17:18:15 +0200
{"r":1024,"l":5,"t":4,"p":757,"a":27,"h":73}
Wed, 16 Feb 2022 17:23:15 +0200
{"r":1024,"l":1,"t":4,"p":757,"a":26,"h":73}
Wed, 16 Feb 2022 17:28:15 +0200
{"r":1024,"l":0,"t":4,"p":757,"a":26,"h":73}
Wed, 16 Feb 2022 17:33:15 +0200
{"r":1024,"l":0,"t":4,"p":757,"a":26,"h":73}
Wed, 16 Feb 2022 17:38:15 +0200
{"r":1024,"l":0,"t":4,"p":757,"a":26,"h":73}
Wed, 16 Feb 2022 17:43:15 +0200
{"r":1024,"l":0,"t":4,"p":757,"a":26,"h":73}
Wed, 16 Feb 2022 17:48:15 +0200
{"r":1024,"l":0,"t":4,"p":757,"a":28,"h":73}
Wed, 16 Feb 2022 17:53:15 +0200
{"r":1024,"l":0,"t":4,"p":757,"a":27,"h":73}
Wed, 16 Feb 2022 17:58:15 +0200
{"r":1024,"l":0,"t":4,"p":757,"a":28,"h":73}
Wed, 16 Feb 2022 18:03:15 +0200
{"r":1024,"l":0,"t":4,"p":757,"a":27,"h":73}
Wed, 16 Feb 2022 18:08:15 +0200
{"r":1024,"l":0,"t":4,"p":757,"a":28,"h":73}
Wed, 16 Feb 2022 18:13:15 +0200
{"r":1024,"l":0,"t":4,"p":757,"a":28,"h":73}
Wed, 16 Feb 2022 18:18:15 +0200
{"r":1024,"l":0,"t":4,"p":757,"a":29,"h":73}
Wed, 16 Feb 2022 18:23:15 +0200
{"r":1024,"l":0,"t":4,"p":757,"a":29,"h":73}
Wed, 16 Feb 2022 18:28:15 +0200
{"r":1024,"l":0,"t":4,"p":757,"a":29,"h":74}
Wed, 16 Feb 2022 18:33:15 +0200
{"r":1024,"l":0,"t":4,"p":757,"a":31,"h":74}
Wed, 16 Feb 2022 18:38:15 +0200
{"r":1024,"l":0,"t":4,"p":757,"a":31,"h":74}
Wed, 16 Feb 2022 18:43:15 +0200
{"r":1024,"l":0,"t":3,"p":757,"a":31,"h":74}
Wed, 16 Feb 2022 18:48:15 +0200
{"r":1024,"l":0,"t":3,"p":757,"a":32,"h":75}
Wed, 16 Feb 2022 18:53:15 +0200
{"r":1024,"l":0,"t":3,"p":757,"a":31,"h":75}
Wed, 16 Feb 2022 18:58:15 +0200
{"r":1024,"l":0,"t":3,"p":757,"a":32,"h":75}
Wed, 16 Feb 2022 19:03:15 +0200
{"r":1024,"l":0,"t":3,"p":757,"a":32,"h":76}
Wed, 16 Feb 2022 19:08:15 +0200
{"r":1024,"l":0,"t":3,"p":757,"a":32,"h":76}
Wed, 16 Feb 2022 19:13:15 +0200
{"r":1024,"l":0,"t":3,"p":756,"a":33,"h":76}
Wed, 16 Feb 2022 19:18:15 +0200
{"r":1024,"l":0,"t":3,"p":756,"a":34,"h":76}
Wed, 16 Feb 2022 19:23:15 +0200
{"r":1024,"l":0,"t":3,"p":756,"a":34,"h":76}
Wed, 16 Feb 2022 19:28:15 +0200
{"r":1024,"l":0,"t":3,"p":756,"a":33,"h":77}
Wed, 16 Feb 2022 19:33:15 +0200
{"r":1024,"l":0,"t":3,"p":756,"a":33,"h":77}
Wed, 16 Feb 2022 19:38:15 +0200
{"r":1024,"l":0,"t":3,"p":756,"a":34,"h":77}
Wed, 16 Feb 2022 19:43:15 +0200
{"r":1024,"l":0,"t":3,"p":756,"a":33,"h":77}
Wed, 16 Feb 2022 19:48:15 +0200
{"r":1024,"l":0,"t":3,"p":756,"a":34,"h":77}
Wed, 16 Feb 2022 19:53:15 +0200
{"r":1024,"l":0,"t":3,"p":756,"a":34,"h":77}
Wed, 16 Feb 2022 19:58:15 +0200
{"r":1024,"l":0,"t":3,"p":756,"a":34,"h":78}
Wed, 16 Feb 2022 20:03:15 +0200
{"r":1024,"l":0,"t":3,"p":756,"a":34,"h":78}
Wed, 16 Feb 2022 20:08:15 +0200
{"r":1024,"l":0,"t":3,"p":756,"a":34,"h":78}
Wed, 16 Feb 2022 20:13:15 +0200
{"r":1024,"l":0,"t":3,"p":756,"a":35,"h":78}
Wed, 16 Feb 2022 20:18:15 +0200
{"r":1024,"l":0,"t":3,"p":756,"a":34,"h":78}
Wed, 16 Feb 2022 20:23:15 +0200
{"r":1024,"l":0,"t":3,"p":756,"a":35,"h":78}
Wed, 16 Feb 2022 20:28:15 +0200
{"r":1024,"l":0,"t":3,"p":756,"a":35,"h":78}
Wed, 16 Feb 2022 20:33:15 +0200
{"r":1024,"l":0,"t":3,"p":756,"a":35,"h":78}
Wed, 16 Feb 2022 20:38:15 +0200
{"r":1024,"l":0,"t":3,"p":756,"a":35,"h":78}
Wed, 16 Feb 2022 20:43:15 +0200
{"r":1024,"l":0,"t":3,"p":756,"a":35,"h":78}
Wed, 16 Feb 2022 20:48:15 +0200
{"r":1024,"l":0,"t":2,"p":756,"a":35,"h":79}
Wed, 16 Feb 2022 20:53:15 +0200
{"r":1024,"l":0,"t":2,"p":756,"a":36,"h":79}
Wed, 16 Feb 2022 20:58:15 +0200
{"r":1024,"l":0,"t":2,"p":756,"a":36,"h":79}
Wed, 16 Feb 2022 21:03:15 +0200
{"r":1024,"l":0,"t":2,"p":756,"a":36,"h":79}
Wed, 16 Feb 2022 21:08:15 +0200
{"r":1024,"l":0,"t":2,"p":756,"a":37,"h":79}
Wed, 16 Feb 2022 21:13:15 +0200
{"r":1024,"l":0,"t":2,"p":756,"a":37,"h":79}
Wed, 16 Feb 2022 21:18:15 +0200
{"r":1024,"l":0,"t":2,"p":756,"a":37,"h":79}
Wed, 16 Feb 2022 21:23:15 +0200
{"r":1024,"l":0,"t":2,"p":756,"a":37,"h":79}
Wed, 16 Feb 2022 21:28:15 +0200
{"r":1024,"l":0,"t":2,"p":756,"a":38,"h":79}
Wed, 16 Feb 2022 21:33:15 +0200
{"r":1024,"l":0,"t":2,"p":756,"a":39,"h":79}
Wed, 16 Feb 2022 21:38:15 +0200
{"r":1024,"l":0,"t":2,"p":756,"a":39,"h":79}
Wed, 16 Feb 2022 21:43:15 +0200
{"r":1024,"l":0,"t":2,"p":756,"a":40,"h":80}
Wed, 16 Feb 2022 21:48:15 +0200
{"r":1024,"l":0,"t":2,"p":756,"a":39,"h":80}
Wed, 16 Feb 2022 21:53:15 +0200
{"r":1024,"l":0,"t":2,"p":756,"a":40,"h":80}
Wed, 16 Feb 2022 21:58:15 +0200
{"r":1024,"l":0,"t":2,"p":756,"a":40,"h":80}
Wed, 16 Feb 2022 22:03:15 +0200
{"r":1024,"l":0,"t":2,"p":756,"a":40,"h":80}
Wed, 16 Feb 2022 22:08:15 +0200
{"r":1024,"l":0,"t":2,"p":756,"a":41,"h":80}
Wed, 16 Feb 2022 22:13:15 +0200
{"r":1024,"l":0,"t":2,"p":756,"a":40,"h":80}
Wed, 16 Feb 2022 22:18:15 +0200
{"r":1024,"l":0,"t":2,"p":756,"a":41,"h":80}
Wed, 16 Feb 2022 22:23:15 +0200
{"r":1024,"l":0,"t":2,"p":756,"a":42,"h":81}
Wed, 16 Feb 2022 22:28:15 +0200
{"r":1024,"l":0,"t":2,"p":756,"a":42,"h":81}
Wed, 16 Feb 2022 22:33:15 +0200
{"r":1024,"l":0,"t":2,"p":756,"a":42,"h":81}
Wed, 16 Feb 2022 22:38:15 +0200
{"r":1024,"l":0,"t":2,"p":756,"a":42,"h":81}
Wed, 16 Feb 2022 22:43:15 +0200
{"r":1024,"l":0,"t":2,"p":756,"a":42,"h":81}
Wed, 16 Feb 2022 22:48:15 +0200
{"r":1024,"l":0,"t":2,"p":756,"a":43,"h":81}
Wed, 16 Feb 2022 22:53:15 +0200
{"r":1024,"l":0,"t":2,"p":755,"a":44,"h":81}
Wed, 16 Feb 2022 22:58:15 +0200
{"r":1024,"l":0,"t":2,"p":755,"a":45,"h":81}
Wed, 16 Feb 2022 23:03:14 +0200
{"r":1024,"l":0,"t":2,"p":755,"a":45,"h":81}
Wed, 16 Feb 2022 23:08:15 +0200
{"r":1024,"l":0,"t":2,"p":755,"a":46,"h":81}
Wed, 16 Feb 2022 23:13:15 +0200
{"r":1024,"l":0,"t":2,"p":755,"a":47,"h":82}
Wed, 16 Feb 2022 23:18:15 +0200
{"r":1024,"l":0,"t":2,"p":755,"a":48,"h":82}
Wed, 16 Feb 2022 23:23:15 +0200
{"r":1024,"l":0,"t":2,"p":755,"a":48,"h":82}
Wed, 16 Feb 2022 23:28:15 +0200
{"r":1024,"l":0,"t":2,"p":755,"a":49,"h":82}
Wed, 16 Feb 2022 23:33:15 +0200
{"r":1024,"l":0,"t":2,"p":755,"a":49,"h":82}
Wed, 16 Feb 2022 23:38:15 +0200
{"r":1024,"l":0,"t":2,"p":755,"a":48,"h":82}
Wed, 16 Feb 2022 23:43:15 +0200
{"r":1024,"l":0,"t":2,"p":755,"a":50,"h":82}
Wed, 16 Feb 2022 23:48:15 +0200
{"r":1024,"l":0,"t":2,"p":755,"a":50,"h":82}
Wed, 16 Feb 2022 23:53:15 +0200
{"r":1024,"l":0,"t":2,"p":755,"a":50,"h":83}
Wed, 16 Feb 2022 23:58:15 +0200
{"r":1024,"l":0,"t":1,"p":755,"a":50,"h":83}
Thu, 17 Feb 2022 00:03:14 +0200
{"r":1024,"l":0,"t":1,"p":755,"a":50,"h":83}
Thu, 17 Feb 2022 00:08:15 +0200
{"r":1024,"l":0,"t":1,"p":755,"a":50,"h":83}
Thu, 17 Feb 2022 00:13:15 +0200
{"r":1024,"l":0,"t":1,"p":755,"a":50,"h":83}
Thu, 17 Feb 2022 00:18:15 +0200
{"r":1024,"l":0,"t":1,"p":755,"a":50,"h":83}
Thu, 17 Feb 2022 00:23:15 +0200
{"r":1024,"l":0,"t":1,"p":755,"a":50,"h":83}
Thu, 17 Feb 2022 00:28:15 +0200
{"r":1024,"l":0,"t":1,"p":755,"a":50,"h":84}
Thu, 17 Feb 2022 00:33:15 +0200
{"r":1024,"l":0,"t":2,"p":755,"a":50,"h":84}
Thu, 17 Feb 2022 00:38:15 +0200
{"r":1024,"l":0,"t":2,"p":755,"a":51,"h":84}
Thu, 17 Feb 2022 00:43:15 +0200
{"r":1024,"l":0,"t":2,"p":755,"a":50,"h":84}
Thu, 17 Feb 2022 00:48:15 +0200
{"r":1024,"l":0,"t":2,"p":755,"a":51,"h":84}
Thu, 17 Feb 2022 00:53:15 +0200
{"r":1024,"l":0,"t":1,"p":755,"a":52,"h":84}
Thu, 17 Feb 2022 00:58:15 +0200
{"r":1024,"l":0,"t":1,"p":755,"a":53,"h":84}
Thu, 17 Feb 2022 01:03:15 +0200
{"r":1024,"l":0,"t":1,"p":755,"a":54,"h":84}
Thu, 17 Feb 2022 01:08:15 +0200
{"r":1024,"l":0,"t":1,"p":755,"a":54,"h":84}
Thu, 17 Feb 2022 01:13:15 +0200
{"r":1024,"l":0,"t":1,"p":755,"a":55,"h":85}
Thu, 17 Feb 2022 01:18:15 +0200
{"r":1024,"l":0,"t":1,"p":754,"a":55,"h":85}
Thu, 17 Feb 2022 01:23:15 +0200
{"r":1024,"l":0,"t":2,"p":754,"a":56,"h":85}
Thu, 17 Feb 2022 01:28:15 +0200
{"r":1024,"l":0,"t":2,"p":754,"a":56,"h":85}
Thu, 17 Feb 2022 01:33:15 +0200
{"r":1024,"l":0,"t":2,"p":754,"a":56,"h":85}
Thu, 17 Feb 2022 01:38:15 +0200
{"r":1024,"l":0,"t":2,"p":754,"a":57,"h":85}
Thu, 17 Feb 2022 01:43:15 +0200
{"r":1024,"l":0,"t":2,"p":754,"a":56,"h":85}
Thu, 17 Feb 2022 01:48:15 +0200
{"r":1024,"l":0,"t":2,"p":754,"a":56,"h":85}
Thu, 17 Feb 2022 01:53:15 +0200
{"r":1024,"l":0,"t":2,"p":754,"a":56,"h":85}
Thu, 17 Feb 2022 01:58:15 +0200
{"r":1024,"l":0,"t":2,"p":754,"a":56,"h":86}
Thu, 17 Feb 2022 02:03:15 +0200
{"r":1024,"l":0,"t":2,"p":754,"a":58,"h":86}
Thu, 17 Feb 2022 02:08:15 +0200
{"r":1024,"l":0,"t":2,"p":754,"a":57,"h":86}
Thu, 17 Feb 2022 02:13:15 +0200
{"r":1024,"l":0,"t":2,"p":754,"a":57,"h":86}
Thu, 17 Feb 2022 02:18:15 +0200
{"r":1024,"l":0,"t":2,"p":754,"a":58,"h":86}
Thu, 17 Feb 2022 02:23:15 +0200
{"r":1024,"l":0,"t":2,"p":754,"a":60,"h":86}
Thu, 17 Feb 2022 02:28:15 +0200
{"r":1024,"l":0,"t":2,"p":754,"a":60,"h":86}
Thu, 17 Feb 2022 02:33:15 +0200
{"r":1024,"l":0,"t":2,"p":754,"a":62,"h":86}
Thu, 17 Feb 2022 02:38:15 +0200
{"r":1024,"l":0,"t":2,"p":754,"a":61,"h":86}
Thu, 17 Feb 2022 02:43:15 +0200
{"r":1024,"l":0,"t":2,"p":754,"a":61,"h":86}
Thu, 17 Feb 2022 02:48:15 +0200
{"r":1024,"l":0,"t":2,"p":754,"a":62,"h":86}
Thu, 17 Feb 2022 02:53:15 +0200
{"r":1024,"l":0,"t":2,"p":754,"a":63,"h":87}
Thu, 17 Feb 2022 02:58:15 +0200
{"r":1024,"l":0,"t":2,"p":754,"a":62,"h":87}
Thu, 17 Feb 2022 03:03:16 +0200
{"r":1024,"l":0,"t":2,"p":754,"a":63,"h":87}
Thu, 17 Feb 2022 03:08:15 +0200
{"r":1024,"l":0,"t":2,"p":754,"a":64,"h":87}
Thu, 17 Feb 2022 03:13:15 +0200
{"r":1024,"l":0,"t":2,"p":754,"a":64,"h":87}
Thu, 17 Feb 2022 03:18:16 +0200
{"r":1024,"l":0,"t":2,"p":754,"a":65,"h":87}
Thu, 17 Feb 2022 03:23:15 +0200
{"r":1024,"l":0,"t":2,"p":754,"a":65,"h":87}
Thu, 17 Feb 2022 03:28:16 +0200
{"r":1024,"l":0,"t":2,"p":754,"a":66,"h":87}
Thu, 17 Feb 2022 03:33:15 +0200
{"r":1024,"l":0,"t":2,"p":754,"a":65,"h":87}
Thu, 17 Feb 2022 03:38:16 +0200
{"r":1024,"l":0,"t":2,"p":754,"a":65,"h":87}
Thu, 17 Feb 2022 03:43:16 +0200
{"r":1024,"l":0,"t":2,"p":754,"a":66,"h":87}
Thu, 17 Feb 2022 03:48:16 +0200
{"r":1024,"l":0,"t":2,"p":753,"a":66,"h":88}
Thu, 17 Feb 2022 03:53:16 +0200
{"r":1024,"l":0,"t":2,"p":753,"a":67,"h":88}
Thu, 17 Feb 2022 03:58:16 +0200
{"r":1024,"l":0,"t":2,"p":753,"a":66,"h":88}
Thu, 17 Feb 2022 04:03:16 +0200
{"r":1024,"l":0,"t":2,"p":753,"a":67,"h":88}
Thu, 17 Feb 2022 04:08:16 +0200
{"r":1024,"l":0,"t":2,"p":753,"a":67,"h":88}
Thu, 17 Feb 2022 04:13:16 +0200
{"r":1024,"l":0,"t":2,"p":754,"a":66,"h":88}
Thu, 17 Feb 2022 04:18:16 +0200
{"r":1024,"l":0,"t":2,"p":753,"a":67,"h":88}
Thu, 17 Feb 2022 04:23:16 +0200
{"r":1024,"l":0,"t":2,"p":753,"a":67,"h":88}
Thu, 17 Feb 2022 04:28:16 +0200
{"r":1024,"l":0,"t":2,"p":753,"a":68,"h":88}
Thu, 17 Feb 2022 04:33:16 +0200
{"r":1024,"l":0,"t":2,"p":753,"a":68,"h":88}
Thu, 17 Feb 2022 04:38:16 +0200
{"r":1024,"l":0,"t":2,"p":753,"a":67,"h":88}
Thu, 17 Feb 2022 04:43:16 +0200
{"r":1024,"l":0,"t":2,"p":753,"a":68,"h":88}
Thu, 17 Feb 2022 04:48:16 +0200
{"r":1024,"l":0,"t":2,"p":753,"a":67,"h":88}
Thu, 17 Feb 2022 04:53:16 +0200
{"r":1024,"l":0,"t":2,"p":753,"a":67,"h":88}
Thu, 17 Feb 2022 04:58:16 +0200
{"r":1024,"l":0,"t":2,"p":753,"a":67,"h":89}
Thu, 17 Feb 2022 05:03:16 +0200
{"r":1024,"l":0,"t":2,"p":753,"a":67,"h":89}
Thu, 17 Feb 2022 05:08:16 +0200
{"r":1024,"l":0,"t":2,"p":753,"a":67,"h":89}
Thu, 17 Feb 2022 05:13:16 +0200
{"r":1024,"l":0,"t":2,"p":753,"a":68,"h":89}
Thu, 17 Feb 2022 05:18:16 +0200
{"r":1024,"l":0,"t":2,"p":753,"a":69,"h":89}
Thu, 17 Feb 2022 05:23:16 +0200
{"r":1024,"l":0,"t":2,"p":753,"a":69,"h":89}
Thu, 17 Feb 2022 05:28:16 +0200
{"r":1024,"l":0,"t":2,"p":753,"a":69,"h":89}
Thu, 17 Feb 2022 05:33:16 +0200
{"r":1024,"l":0,"t":2,"p":753,"a":69,"h":89}
Thu, 17 Feb 2022 05:38:16 +0200
{"r":1024,"l":0,"t":2,"p":753,"a":70,"h":89}
Thu, 17 Feb 2022 05:43:16 +0200
{"r":1024,"l":0,"t":2,"p":753,"a":72,"h":89}
Thu, 17 Feb 2022 05:48:16 +0200
{"r":1024,"l":0,"t":2,"p":753,"a":72,"h":89}
Thu, 17 Feb 2022 05:53:16 +0200
{"r":1024,"l":0,"t":2,"p":753,"a":73,"h":89}
Thu, 17 Feb 2022 05:58:16 +0200
{"r":1024,"l":0,"t":2,"p":753,"a":73,"h":89}
Thu, 17 Feb 2022 06:03:16 +0200
{"r":1024,"l":0,"t":2,"p":753,"a":75,"h":89}
Thu, 17 Feb 2022 06:08:16 +0200
{"r":1024,"l":0,"t":2,"p":753,"a":75,"h":89}
Thu, 17 Feb 2022 06:13:16 +0200
{"r":1024,"l":0,"t":2,"p":753,"a":75,"h":89}
Thu, 17 Feb 2022 06:18:16 +0200
{"r":1024,"l":0,"t":2,"p":753,"a":75,"h":90}
Thu, 17 Feb 2022 06:23:16 +0200
{"r":1024,"l":2,"t":2,"p":753,"a":75,"h":90}
Thu, 17 Feb 2022 06:28:16 +0200
{"r":1024,"l":5,"t":2,"p":753,"a":75,"h":90}
Thu, 17 Feb 2022 06:33:16 +0200
{"r":1024,"l":14,"t":2,"p":753,"a":76,"h":90}
Thu, 17 Feb 2022 06:38:16 +0200
{"r":1024,"l":28,"t":2,"p":753,"a":77,"h":90}
Thu, 17 Feb 2022 06:43:16 +0200
{"r":1024,"l":49,"t":2,"p":752,"a":78,"h":90}
Thu, 17 Feb 2022 06:48:16 +0200
{"r":1024,"l":63,"t":2,"p":752,"a":79,"h":90}
Thu, 17 Feb 2022 06:53:16 +0200
{"r":1024,"l":106,"t":2,"p":752,"a":79,"h":90}
Thu, 17 Feb 2022 06:58:16 +0200
{"r":1024,"l":155,"t":2,"p":752,"a":79,"h":90}
Thu, 17 Feb 2022 07:03:16 +0200
{"r":1024,"l":249,"t":2,"p":752,"a":79,"h":90}
Thu, 17 Feb 2022 07:08:16 +0200
{"r":1024,"l":366,"t":2,"p":752,"a":80,"h":90}
Thu, 17 Feb 2022 07:13:16 +0200
{"r":1024,"l":409,"t":2,"p":752,"a":80,"h":90}
Thu, 17 Feb 2022 07:18:16 +0200
{"r":1024,"l":524,"t":2,"p":752,"a":80,"h":90}
Thu, 17 Feb 2022 07:23:16 +0200
{"r":1024,"l":595,"t":2,"p":752,"a":81,"h":90}
Thu, 17 Feb 2022 07:28:16 +0200
{"r":1024,"l":741,"t":2,"p":752,"a":82,"h":90}
Thu, 17 Feb 2022 07:33:16 +0200
{"r":1024,"l":854,"t":2,"p":752,"a":82,"h":90}
Thu, 17 Feb 2022 07:38:16 +0200
{"r":1024,"l":992,"t":2,"p":752,"a":82,"h":90}
Thu, 17 Feb 2022 07:43:16 +0200
{"r":1024,"l":1084,"t":2,"p":752,"a":83,"h":90}
Thu, 17 Feb 2022 07:48:16 +0200
{"r":1024,"l":1346,"t":2,"p":752,"a":83,"h":90}
Thu, 17 Feb 2022 07:53:16 +0200
{"r":1024,"l":1333,"t":2,"p":752,"a":84,"h":91}
Thu, 17 Feb 2022 07:58:16 +0200
{"r":1024,"l":1249,"t":2,"p":752,"a":84,"h":91}
Thu, 17 Feb 2022 08:03:16 +0200
{"r":1024,"l":1330,"t":2,"p":752,"a":84,"h":91}
Thu, 17 Feb 2022 08:08:16 +0200
{"r":1024,"l":1445,"t":2,"p":752,"a":85,"h":91}
Thu, 17 Feb 2022 08:13:16 +0200
{"r":1024,"l":2150,"t":2,"p":752,"a":86,"h":91}
Thu, 17 Feb 2022 08:18:16 +0200
{"r":1024,"l":2217,"t":3,"p":752,"a":87,"h":91}
Thu, 17 Feb 2022 08:23:16 +0200
{"r":1024,"l":1576,"t":3,"p":752,"a":86,"h":91}
Thu, 17 Feb 2022 08:28:16 +0200
{"r":1024,"l":1064,"t":3,"p":752,"a":86,"h":91}
Thu, 17 Feb 2022 08:33:16 +0200
{"r":1024,"l":1333,"t":3,"p":752,"a":87,"h":91}
Thu, 17 Feb 2022 08:38:16 +0200
{"r":1024,"l":1085,"t":3,"p":752,"a":88,"h":91}
Thu, 17 Feb 2022 08:43:16 +0200
{"r":1024,"l":1034,"t":3,"p":752,"a":87,"h":91}
Thu, 17 Feb 2022 08:48:16 +0200
{"r":1024,"l":957,"t":3,"p":752,"a":88,"h":91}
Thu, 17 Feb 2022 08:53:16 +0200
{"r":1024,"l":978,"t":3,"p":751,"a":89,"h":91}
Thu, 17 Feb 2022 08:58:16 +0200
{"r":1024,"l":1374,"t":3,"p":751,"a":89,"h":91}
Thu, 17 Feb 2022 09:03:16 +0200
{"r":1024,"l":1669,"t":3,"p":751,"a":92,"h":91}
Thu, 17 Feb 2022 09:08:16 +0200
{"r":1024,"l":2233,"t":3,"p":751,"a":91,"h":91}
Thu, 17 Feb 2022 09:13:16 +0200
{"r":1024,"l":2363,"t":3,"p":751,"a":92,"h":91}
Thu, 17 Feb 2022 09:18:16 +0200
{"r":1024,"l":3073,"t":3,"p":751,"a":92,"h":91}
Thu, 17 Feb 2022 09:23:16 +0200
{"r":1024,"l":3623,"t":4,"p":751,"a":93,"h":91}
Thu, 17 Feb 2022 09:28:16 +0200
{"r":1024,"l":4432,"t":4,"p":751,"a":94,"h":91}
Thu, 17 Feb 2022 09:33:16 +0200
{"r":1024,"l":5861,"t":5,"p":751,"a":94,"h":91}
Thu, 17 Feb 2022 09:38:16 +0200
{"r":1024,"l":5724,"t":5,"p":751,"a":94,"h":91}
Thu, 17 Feb 2022 09:43:16 +0200
{"r":1024,"l":4776,"t":6,"p":751,"a":95,"h":91}
Thu, 17 Feb 2022 09:48:16 +0200
{"r":1024,"l":6035,"t":6,"p":751,"a":96,"h":91}
Thu, 17 Feb 2022 09:53:16 +0200
{"r":1024,"l":5452,"t":6,"p":751,"a":97,"h":90}
Thu, 17 Feb 2022 09:58:16 +0200
{"r":1024,"l":5665,"t":6,"p":751,"a":98,"h":90}
Thu, 17 Feb 2022 10:03:16 +0200
{"r":1024,"l":5813,"t":6,"p":751,"a":98,"h":90}
Thu, 17 Feb 2022 10:08:16 +0200
{"r":1024,"l":5213,"t":6,"p":751,"a":99,"h":89}
Thu, 17 Feb 2022 10:13:16 +0200
{"r":1024,"l":4905,"t":6,"p":751,"a":98,"h":89}
Thu, 17 Feb 2022 10:18:16 +0200
{"r":1024,"l":5477,"t":6,"p":751,"a":99,"h":88}
Thu, 17 Feb 2022 10:23:16 +0200
{"r":1024,"l":5449,"t":7,"p":751,"a":99,"h":88}
Thu, 17 Feb 2022 10:28:16 +0200
{"r":1024,"l":5080,"t":7,"p":751,"a":99,"h":87}
Thu, 17 Feb 2022 10:33:16 +0200
{"r":1024,"l":5330,"t":7,"p":750,"a":101,"h":87}
Thu, 17 Feb 2022 10:38:16 +0200
{"r":1024,"l":5246,"t":7,"p":750,"a":101,"h":86}
Thu, 17 Feb 2022 10:43:16 +0200
{"r":1024,"l":3958,"t":7,"p":750,"a":101,"h":85}
Thu, 17 Feb 2022 10:48:16 +0200
{"r":1024,"l":5769,"t":7,"p":750,"a":104,"h":85}
Thu, 17 Feb 2022 10:53:16 +0200
{"r":1024,"l":6804,"t":7,"p":750,"a":104,"h":84}
Thu, 17 Feb 2022 10:58:16 +0200
{"r":1024,"l":6186,"t":7,"p":750,"a":107,"h":84}
Thu, 17 Feb 2022 11:03:16 +0200
{"r":1024,"l":6666,"t":8,"p":750,"a":107,"h":83}
Thu, 17 Feb 2022 11:08:16 +0200
{"r":1024,"l":6233,"t":8,"p":750,"a":106,"h":83}
Thu, 17 Feb 2022 11:13:16 +0200
{"r":1024,"l":6399,"t":8,"p":750,"a":107,"h":82}
Thu, 17 Feb 2022 11:18:16 +0200
{"r":1024,"l":4987,"t":8,"p":750,"a":110,"h":81}
Thu, 17 Feb 2022 11:23:16 +0200
{"r":1024,"l":4586,"t":8,"p":750,"a":110,"h":80}
Thu, 17 Feb 2022 11:28:16 +0200
{"r":1024,"l":3736,"t":8,"p":750,"a":111,"h":79}
Thu, 17 Feb 2022 11:33:16 +0200
{"r":1024,"l":3603,"t":8,"p":749,"a":112,"h":78}
Thu, 17 Feb 2022 11:38:16 +0200
{"r":1024,"l":4025,"t":8,"p":749,"a":114,"h":78}
Thu, 17 Feb 2022 11:43:16 +0200
{"r":1024,"l":3822,"t":8,"p":749,"a":113,"h":77}
Thu, 17 Feb 2022 11:48:16 +0200
{"r":1024,"l":4118,"t":8,"p":749,"a":114,"h":77}
Thu, 17 Feb 2022 11:53:16 +0200
{"r":1024,"l":4432,"t":8,"p":749,"a":115,"h":77}
Thu, 17 Feb 2022 11:58:16 +0200
{"r":1024,"l":6193,"t":8,"p":749,"a":116,"h":77}
Thu, 17 Feb 2022 12:03:16 +0200
{"r":1024,"l":5370,"t":9,"p":749,"a":117,"h":76}
Thu, 17 Feb 2022 12:08:16 +0200
{"r":1024,"l":5333,"t":9,"p":749,"a":118,"h":75}
Thu, 17 Feb 2022 12:13:16 +0200
{"r":1024,"l":5444,"t":9,"p":749,"a":119,"h":75}
Thu, 17 Feb 2022 12:18:16 +0200
{"r":1024,"l":4734,"t":10,"p":749,"a":120,"h":74}
Thu, 17 Feb 2022 12:23:16 +0200
{"r":1024,"l":4204,"t":10,"p":749,"a":120,"h":73}
Thu, 17 Feb 2022 12:28:16 +0200
{"r":1024,"l":4846,"t":10,"p":749,"a":122,"h":72}
Thu, 17 Feb 2022 12:33:16 +0200
{"r":1024,"l":5097,"t":10,"p":748,"a":123,"h":71}
Thu, 17 Feb 2022 12:38:16 +0200
{"r":1024,"l":5652,"t":10,"p":748,"a":124,"h":71}
Thu, 17 Feb 2022 12:43:16 +0200
{"r":1024,"l":6413,"t":10,"p":748,"a":126,"h":70}
Thu, 17 Feb 2022 12:48:16 +0200
{"r":1024,"l":6565,"t":11,"p":748,"a":127,"h":69}
Thu, 17 Feb 2022 12:53:16 +0200
{"r":1024,"l":6407,"t":11,"p":748,"a":128,"h":68}
Thu, 17 Feb 2022 12:58:16 +0200
{"r":1024,"l":6092,"t":11,"p":748,"a":129,"h":67}
Thu, 17 Feb 2022 13:03:16 +0200
{"r":1024,"l":5800,"t":11,"p":748,"a":129,"h":66}
Thu, 17 Feb 2022 13:08:16 +0200
{"r":1024,"l":5075,"t":11,"p":748,"a":132,"h":65}
Thu, 17 Feb 2022 13:13:16 +0200
{"r":1024,"l":4690,"t":11,"p":748,"a":132,"h":63}
Thu, 17 Feb 2022 13:18:16 +0200
{"r":1024,"l":5553,"t":11,"p":748,"a":133,"h":62}
Thu, 17 Feb 2022 13:23:16 +0200
{"r":1024,"l":5004,"t":11,"p":747,"a":135,"h":61}
Thu, 17 Feb 2022 13:28:16 +0200
{"r":1024,"l":4946,"t":11,"p":747,"a":135,"h":61}
Thu, 17 Feb 2022 13:33:16 +0200
{"r":1024,"l":4752,"t":11,"p":747,"a":135,"h":60}
Thu, 17 Feb 2022 13:38:16 +0200
{"r":1024,"l":5094,"t":11,"p":747,"a":136,"h":60}
Thu, 17 Feb 2022 13:43:16 +0200
{"r":1024,"l":5832,"t":11,"p":747,"a":137,"h":60}
Thu, 17 Feb 2022 13:48:16 +0200
{"r":1024,"l":5410,"t":11,"p":747,"a":137,"h":59}
Thu, 17 Feb 2022 13:52:15 +0200
{"r":1024,"l":4631,"t":11,"p":747,"a":137,"h":59}
Thu, 17 Feb 2022 13:54:43 +0200
{"r":1024,"l":4074,"t":11,"p":747,"a":137,"h":58}
Sat, 19 Feb 2022 19:22:42 +0200
{"r":1024,"l":0,"t":6,"p":753,"a":75,"h":71}
Sat, 19 Feb 2022 19:27:42 +0200
{"r":1024,"l":0,"t":6,"p":753,"a":76,"h":71}
Sat, 19 Feb 2022 19:32:42 +0200
{"r":1024,"l":0,"t":6,"p":753,"a":77,"h":71}
Sat, 19 Feb 2022 19:37:42 +0200
{"r":1024,"l":0,"t":6,"p":753,"a":77,"h":71}
Sat, 19 Feb 2022 19:42:42 +0200
{"r":1024,"l":0,"t":6,"p":753,"a":77,"h":71}
Sat, 19 Feb 2022 19:47:42 +0200
{"r":1024,"l":0,"t":6,"p":753,"a":77,"h":71}
Sat, 19 Feb 2022 19:52:42 +0200
{"r":1024,"l":0,"t":6,"p":753,"a":76,"h":72}
Sat, 19 Feb 2022 19:57:42 +0200
{"r":1024,"l":0,"t":6,"p":753,"a":77,"h":72}
Sat, 19 Feb 2022 20:02:42 +0200
{"r":1024,"l":0,"t":6,"p":753,"a":77,"h":72}
Sat, 19 Feb 2022 20:07:42 +0200
{"r":1024,"l":0,"t":6,"p":753,"a":77,"h":73}
Sat, 19 Feb 2022 20:12:42 +0200
{"r":1024,"l":0,"t":6,"p":753,"a":77,"h":73}
Sat, 19 Feb 2022 20:17:42 +0200
{"r":1024,"l":0,"t":6,"p":753,"a":76,"h":74}
Sat, 19 Feb 2022 20:22:42 +0200
{"r":1024,"l":0,"t":6,"p":753,"a":76,"h":74}
Sat, 19 Feb 2022 20:27:42 +0200
{"r":1024,"l":0,"t":6,"p":753,"a":77,"h":74}
Sat, 19 Feb 2022 20:32:42 +0200
{"r":1024,"l":0,"t":6,"p":752,"a":78,"h":75}
Sat, 19 Feb 2022 20:37:42 +0200
{"r":1024,"l":0,"t":6,"p":752,"a":79,"h":75}
Sat, 19 Feb 2022 20:42:42 +0200
{"r":1024,"l":0,"t":6,"p":752,"a":79,"h":75}
Sat, 19 Feb 2022 20:47:42 +0200
{"r":1024,"l":0,"t":6,"p":752,"a":78,"h":75}
Sat, 19 Feb 2022 20:52:42 +0200
{"r":1024,"l":0,"t":6,"p":752,"a":78,"h":76}
Sat, 19 Feb 2022 21:02:13 +0200
{"r":1024,"l":0,"t":6,"p":752,"a":78,"h":76}
Sat, 19 Feb 2022 21:37:20 +0200
{"r":1024,"l":0,"t":6,"p":753,"a":76,"h":77}
Sat, 19 Feb 2022 21:52:20 +0200
{"r":1024,"l":0,"t":6,"p":753,"a":77,"h":78}
Sat, 19 Feb 2022 22:07:20 +0200
{"r":1024,"l":0,"t":6,"p":753,"a":73,"h":78}
Sat, 19 Feb 2022 22:22:20 +0200
{"r":1024,"l":0,"t":6,"p":753,"a":71,"h":79}
Sat, 19 Feb 2022 22:37:20 +0200
{"r":987,"l":0,"t":5,"p":753,"a":71,"h":80}
Sat, 19 Feb 2022 22:52:20 +0200
{"r":1009,"l":0,"t":5,"p":753,"a":71,"h":81}
Sat, 19 Feb 2022 23:22:32 +0200
{"r":799,"l":0,"t":5,"p":753,"a":71,"h":83}
Sat, 19 Feb 2022 23:37:32 +0200
{"r":837,"l":0,"t":5,"p":753,"a":70,"h":83}
Sat, 19 Feb 2022 23:52:32 +0200
{"r":616,"l":0,"t":5,"p":753,"a":70,"h":84}
Sun, 20 Feb 2022 00:07:32 +0200
{"r":447,"l":0,"t":5,"p":753,"a":72,"h":85}
Sun, 20 Feb 2022 00:22:32 +0200
{"r":325,"l":0,"t":5,"p":753,"a":72,"h":86}
Sun, 20 Feb 2022 00:37:32 +0200
{"r":326,"l":0,"t":4,"p":753,"a":73,"h":86}
Sun, 20 Feb 2022 00:52:32 +0200
{"r":291,"l":0,"t":4,"p":753,"a":72,"h":87}
Sun, 20 Feb 2022 01:07:32 +0200
{"r":297,"l":0,"t":4,"p":753,"a":71,"h":87}
Sun, 20 Feb 2022 01:22:32 +0200
{"r":291,"l":0,"t":4,"p":753,"a":74,"h":87}
Sun, 20 Feb 2022 01:37:32 +0200
{"r":266,"l":0,"t":4,"p":753,"a":75,"h":87}
Sun, 20 Feb 2022 01:52:32 +0200
{"r":284,"l":0,"t":4,"p":753,"a":75,"h":88}
Sun, 20 Feb 2022 02:07:32 +0200
{"r":283,"l":0,"t":4,"p":753,"a":74,"h":88}
Sun, 20 Feb 2022 02:22:32 +0200
{"r":289,"l":0,"t":4,"p":753,"a":76,"h":88}
Sun, 20 Feb 2022 02:37:32 +0200
{"r":268,"l":0,"t":4,"p":753,"a":75,"h":88}
Sun, 20 Feb 2022 02:52:32 +0200
{"r":214,"l":0,"t":4,"p":753,"a":74,"h":89}
Sun, 20 Feb 2022 03:07:32 +0200
{"r":249,"l":0,"t":4,"p":753,"a":74,"h":89}
Sun, 20 Feb 2022 03:22:32 +0200
{"r":308,"l":0,"t":4,"p":753,"a":74,"h":89}
Sun, 20 Feb 2022 03:37:32 +0200
{"r":320,"l":0,"t":4,"p":753,"a":75,"h":89}
Sun, 20 Feb 2022 03:52:32 +0200
{"r":528,"l":0,"t":4,"p":753,"a":74,"h":90}
Sun, 20 Feb 2022 04:07:32 +0200
{"r":749,"l":0,"t":4,"p":753,"a":73,"h":90}
Sun, 20 Feb 2022 04:22:32 +0200
{"r":820,"l":0,"t":4,"p":753,"a":71,"h":90}
Sun, 20 Feb 2022 04:52:42 +0200
{"r":950,"l":0,"t":4,"p":753,"a":69,"h":91}
Sun, 20 Feb 2022 05:07:42 +0200
{"r":967,"l":0,"t":4,"p":753,"a":69,"h":91}
Sun, 20 Feb 2022 05:22:42 +0200
{"r":972,"l":0,"t":3,"p":753,"a":68,"h":91}
Sun, 20 Feb 2022 05:37:42 +0200
{"r":988,"l":0,"t":3,"p":753,"a":68,"h":91}
Sun, 20 Feb 2022 05:52:42 +0200
{"r":994,"l":0,"t":3,"p":753,"a":68,"h":92}
Sun, 20 Feb 2022 06:07:42 +0200
{"r":1000,"l":0,"t":3,"p":753,"a":67,"h":92}
Sun, 20 Feb 2022 06:22:42 +0200
{"r":1001,"l":14,"t":3,"p":753,"a":67,"h":92}
Sun, 20 Feb 2022 06:37:42 +0200
{"r":1004,"l":121,"t":3,"p":754,"a":66,"h":93}
Sun, 20 Feb 2022 06:52:42 +0200
{"r":1012,"l":506,"t":3,"p":754,"a":63,"h":93}
Sun, 20 Feb 2022 07:07:42 +0200
{"r":1023,"l":1562,"t":3,"p":754,"a":62,"h":93}
Sun, 20 Feb 2022 07:22:42 +0200
{"r":1024,"l":2040,"t":3,"p":754,"a":62,"h":93}
Sun, 20 Feb 2022 07:37:42 +0200
{"r":1024,"l":3076,"t":4,"p":754,"a":60,"h":92}
Sun, 20 Feb 2022 07:52:42 +0200
{"r":1024,"l":4500,"t":4,"p":754,"a":59,"h":91}
Sun, 20 Feb 2022 08:07:42 +0200
{"r":1024,"l":5550,"t":5,"p":754,"a":60,"h":89}
Sun, 20 Feb 2022 08:22:42 +0200
{"r":1024,"l":6286,"t":6,"p":754,"a":59,"h":85}
Sun, 20 Feb 2022 08:37:42 +0200
{"r":1024,"l":4849,"t":6,"p":754,"a":57,"h":80}
Sun, 20 Feb 2022 08:52:42 +0200
{"r":1024,"l":6025,"t":6,"p":754,"a":57,"h":75}
Sun, 20 Feb 2022 09:07:42 +0200
{"r":1024,"l":5749,"t":6,"p":754,"a":57,"h":72}
Sun, 20 Feb 2022 09:22:42 +0200
{"r":1024,"l":6993,"t":6,"p":754,"a":57,"h":69}
Sun, 20 Feb 2022 09:37:42 +0200
{"r":1024,"l":6577,"t":7,"p":754,"a":57,"h":66}
Sun, 20 Feb 2022 09:52:42 +0200
{"r":1024,"l":6834,"t":7,"p":754,"a":58,"h":64}
Sun, 20 Feb 2022 10:07:42 +0200
{"r":1024,"l":6785,"t":8,"p":754,"a":56,"h":61}
Sun, 20 Feb 2022 10:22:42 +0200
{"r":1024,"l":7134,"t":8,"p":754,"a":56,"h":60}
Sun, 20 Feb 2022 10:37:42 +0200
{"r":1024,"l":7125,"t":8,"p":754,"a":57,"h":59}
Sun, 20 Feb 2022 10:52:42 +0200
{"r":1024,"l":7094,"t":9,"p":754,"a":56,"h":57}
Sun, 20 Feb 2022 11:07:42 +0200
{"r":1024,"l":7254,"t":9,"p":754,"a":57,"h":56}
Sun, 20 Feb 2022 11:22:42 +0200
{"r":1024,"l":7169,"t":9,"p":754,"a":58,"h":54}
Sun, 20 Feb 2022 11:37:42 +0200
{"r":1024,"l":7255,"t":9,"p":754,"a":59,"h":53}
Sun, 20 Feb 2022 11:52:42 +0200
{"r":1024,"l":7126,"t":10,"p":754,"a":60,"h":53}
Sun, 20 Feb 2022 12:07:42 +0200
{"r":1024,"l":7130,"t":10,"p":754,"a":61,"h":50}
Sun, 20 Feb 2022 12:22:42 +0200
{"r":1024,"l":7129,"t":10,"p":754,"a":63,"h":49}
Sun, 20 Feb 2022 12:37:42 +0200
{"r":1024,"l":7111,"t":10,"p":754,"a":63,"h":47}
Sun, 20 Feb 2022 12:52:42 +0200
{"r":1024,"l":6616,"t":10,"p":754,"a":63,"h":48}
Sun, 20 Feb 2022 13:07:42 +0200
{"r":1024,"l":6107,"t":10,"p":754,"a":63,"h":47}
Sun, 20 Feb 2022 13:22:42 +0200
{"r":1024,"l":6100,"t":10,"p":754,"a":64,"h":48}
Sun, 20 Feb 2022 13:37:42 +0200
{"r":1024,"l":6180,"t":10,"p":754,"a":64,"h":48}
Sun, 20 Feb 2022 13:52:42 +0200
{"r":1024,"l":5858,"t":10,"p":754,"a":63,"h":48}
Sun, 20 Feb 2022 14:07:42 +0200
{"r":1024,"l":6452,"t":10,"p":754,"a":65,"h":47}
Sun, 20 Feb 2022 14:22:42 +0200
{"r":1024,"l":5523,"t":11,"p":754,"a":65,"h":46}
Sun, 20 Feb 2022 14:37:42 +0200
{"r":1024,"l":6850,"t":11,"p":754,"a":65,"h":46}
Sun, 20 Feb 2022 14:52:42 +0200
{"r":1024,"l":8069,"t":12,"p":754,"a":66,"h":45}
Sun, 20 Feb 2022 15:22:54 +0200
{"r":1024,"l":6715,"t":14,"p":753,"a":67,"h":40}
Sun, 20 Feb 2022 15:37:54 +0200
{"r":1024,"l":5520,"t":13,"p":753,"a":70,"h":41}
Sun, 20 Feb 2022 15:52:54 +0200
{"r":1024,"l":2814,"t":11,"p":753,"a":68,"h":44}
Sun, 20 Feb 2022 16:07:54 +0200
{"r":1024,"l":1802,"t":9,"p":753,"a":68,"h":47}
Sun, 20 Feb 2022 16:22:54 +0200
{"r":1024,"l":1106,"t":8,"p":753,"a":70,"h":50}
Sun, 20 Feb 2022 16:37:54 +0200
{"r":1024,"l":597,"t":8,"p":753,"a":70,"h":52}
Sun, 20 Feb 2022 16:52:54 +0200
{"r":1024,"l":289,"t":7,"p":753,"a":71,"h":54}
Sun, 20 Feb 2022 17:07:54 +0200
{"r":1024,"l":96,"t":7,"p":753,"a":71,"h":54}
Sun, 20 Feb 2022 17:22:54 +0200
{"r":1024,"l":14,"t":6,"p":753,"a":72,"h":55}
Sun, 20 Feb 2022 17:37:54 +0200
{"r":1024,"l":0,"t":6,"p":753,"a":72,"h":57}
Sun, 20 Feb 2022 17:52:54 +0200
{"r":1024,"l":0,"t":6,"p":753,"a":71,"h":57}
Sun, 20 Feb 2022 18:07:54 +0200
{"r":1024,"l":0,"t":5,"p":753,"a":71,"h":58}
Sun, 20 Feb 2022 18:22:54 +0200
{"r":1024,"l":0,"t":5,"p":753,"a":72,"h":59}
Sun, 20 Feb 2022 18:37:54 +0200
{"r":1024,"l":0,"t":5,"p":753,"a":71,"h":60}
Sun, 20 Feb 2022 18:52:54 +0200
{"r":1024,"l":0,"t":5,"p":753,"a":71,"h":60}
Sun, 20 Feb 2022 19:07:54 +0200
{"r":1024,"l":0,"t":4,"p":753,"a":72,"h":61}
Sun, 20 Feb 2022 19:22:54 +0200
{"r":1024,"l":0,"t":4,"p":753,"a":72,"h":62}
Sun, 20 Feb 2022 19:37:54 +0200
{"r":1024,"l":0,"t":4,"p":753,"a":72,"h":62}
Sun, 20 Feb 2022 19:52:54 +0200
{"r":1024,"l":0,"t":4,"p":753,"a":72,"h":63}
Sun, 20 Feb 2022 20:07:54 +0200
{"r":1024,"l":0,"t":4,"p":753,"a":72,"h":64}
Sun, 20 Feb 2022 20:22:54 +0200
{"r":1024,"l":0,"t":4,"p":753,"a":73,"h":64}
Sun, 20 Feb 2022 20:37:54 +0200
{"r":1024,"l":0,"t":4,"p":753,"a":74,"h":65}
Sun, 20 Feb 2022 20:52:54 +0200
{"r":1024,"l":0,"t":4,"p":753,"a":76,"h":65}
Sun, 20 Feb 2022 21:07:54 +0200
{"r":1024,"l":0,"t":4,"p":753,"a":77,"h":65}
Sun, 20 Feb 2022 21:22:54 +0200
{"r":1024,"l":0,"t":4,"p":753,"a":77,"h":66}
Sun, 20 Feb 2022 21:37:54 +0200
{"r":1024,"l":0,"t":4,"p":753,"a":76,"h":67}
Sun, 20 Feb 2022 21:52:54 +0200
{"r":1024,"l":0,"t":4,"p":753,"a":76,"h":67}
Sun, 20 Feb 2022 22:07:54 +0200
{"r":1024,"l":0,"t":4,"p":753,"a":77,"h":68}
Sun, 20 Feb 2022 22:22:54 +0200
{"r":1024,"l":0,"t":4,"p":752,"a":78,"h":68}
Sun, 20 Feb 2022 22:37:54 +0200
{"r":1024,"l":0,"t":3,"p":752,"a":79,"h":69}
Sun, 20 Feb 2022 22:52:54 +0200
{"r":1024,"l":0,"t":3,"p":752,"a":79,"h":69}
Sun, 20 Feb 2022 23:23:05 +0200
{"r":1024,"l":0,"t":3,"p":752,"a":79,"h":69}
Sun, 20 Feb 2022 23:38:05 +0200
{"r":1024,"l":0,"t":3,"p":752,"a":79,"h":69}
Sun, 20 Feb 2022 23:53:05 +0200
{"r":1024,"l":0,"t":4,"p":752,"a":81,"h":69}
Mon, 21 Feb 2022 00:08:05 +0200
{"r":1024,"l":0,"t":4,"p":752,"a":81,"h":69}
Mon, 21 Feb 2022 00:23:05 +0200
{"r":1024,"l":0,"t":4,"p":752,"a":81,"h":69}
Mon, 21 Feb 2022 00:38:05 +0200
{"r":1024,"l":0,"t":3,"p":752,"a":80,"h":69}
Mon, 21 Feb 2022 00:53:05 +0200
{"r":1024,"l":0,"t":3,"p":752,"a":82,"h":70}
Mon, 21 Feb 2022 01:08:05 +0200
{"r":1024,"l":0,"t":3,"p":752,"a":83,"h":70}
Mon, 21 Feb 2022 01:23:05 +0200
{"r":1024,"l":0,"t":3,"p":752,"a":83,"h":70}
Mon, 21 Feb 2022 01:38:05 +0200
{"r":1024,"l":0,"t":2,"p":752,"a":84,"h":70}
Mon, 21 Feb 2022 01:53:05 +0200
{"r":1024,"l":0,"t":2,"p":752,"a":85,"h":71}
Mon, 21 Feb 2022 02:08:05 +0200
{"r":1024,"l":0,"t":2,"p":752,"a":83,"h":72}
Mon, 21 Feb 2022 02:23:05 +0200
{"r":1024,"l":0,"t":2,"p":752,"a":84,"h":72}
Mon, 21 Feb 2022 02:38:05 +0200
{"r":1024,"l":0,"t":2,"p":752,"a":85,"h":72}
Mon, 21 Feb 2022 02:53:05 +0200
{"r":1024,"l":0,"t":2,"p":752,"a":86,"h":72}
Mon, 21 Feb 2022 03:08:05 +0200
{"r":1024,"l":0,"t":1,"p":752,"a":87,"h":73}
Mon, 21 Feb 2022 03:23:05 +0200
{"r":1024,"l":0,"t":1,"p":752,"a":88,"h":73}
Mon, 21 Feb 2022 03:38:05 +0200
{"r":1024,"l":0,"t":2,"p":752,"a":89,"h":74}
Mon, 21 Feb 2022 03:53:05 +0200
{"r":1024,"l":0,"t":2,"p":751,"a":89,"h":74}
Mon, 21 Feb 2022 04:08:05 +0200
{"r":1024,"l":0,"t":2,"p":752,"a":88,"h":74}
Mon, 21 Feb 2022 04:23:05 +0200
{"r":1024,"l":0,"t":2,"p":752,"a":88,"h":74}
Mon, 21 Feb 2022 04:38:05 +0200
{"r":1024,"l":0,"t":2,"p":752,"a":86,"h":74}
Mon, 21 Feb 2022 04:53:05 +0200
{"r":1024,"l":0,"t":2,"p":752,"a":87,"h":75}
Mon, 21 Feb 2022 05:08:05 +0200
{"r":1024,"l":0,"t":2,"p":752,"a":87,"h":75}
Mon, 21 Feb 2022 05:23:05 +0200
{"r":1024,"l":0,"t":2,"p":752,"a":88,"h":75}
Mon, 21 Feb 2022 05:38:05 +0200
{"r":1024,"l":0,"t":2,"p":752,"a":88,"h":75}
Mon, 21 Feb 2022 05:53:05 +0200
{"r":1024,"l":0,"t":2,"p":751,"a":89,"h":75}
Mon, 21 Feb 2022 06:08:05 +0200
{"r":1024,"l":0,"t":2,"p":752,"a":89,"h":75}
Mon, 21 Feb 2022 06:23:05 +0200
{"r":1024,"l":27,"t":2,"p":751,"a":89,"h":75}
Mon, 21 Feb 2022 06:38:05 +0200
{"r":1024,"l":215,"t":1,"p":752,"a":87,"h":75}
Mon, 21 Feb 2022 06:53:05 +0200
{"r":1024,"l":703,"t":1,"p":751,"a":89,"h":75}
Mon, 21 Feb 2022 07:08:05 +0200
{"r":1024,"l":1543,"t":1,"p":752,"a":88,"h":75}
Mon, 21 Feb 2022 07:23:05 +0200
{"r":1024,"l":2429,"t":1,"p":752,"a":86,"h":76}
Mon, 21 Feb 2022 07:38:05 +0200
{"r":1024,"l":3234,"t":2,"p":752,"a":86,"h":76}
Mon, 21 Feb 2022 07:53:05 +0200
{"r":1024,"l":4145,"t":3,"p":752,"a":87,"h":76}
Mon, 21 Feb 2022 08:08:05 +0200
{"r":1024,"l":4870,"t":4,"p":752,"a":88,"h":76}
Mon, 21 Feb 2022 08:23:05 +0200
{"r":1024,"l":5355,"t":4,"p":752,"a":87,"h":75}
Mon, 21 Feb 2022 08:38:05 +0200
{"r":1024,"l":5764,"t":5,"p":752,"a":87,"h":74}
Mon, 21 Feb 2022 08:53:05 +0200
{"r":1024,"l":6123,"t":5,"p":752,"a":87,"h":73}
Mon, 21 Feb 2022 09:08:05 +0200
{"r":1024,"l":6406,"t":6,"p":752,"a":87,"h":72}
Mon, 21 Feb 2022 09:23:05 +0200
{"r":1024,"l":6521,"t":6,"p":752,"a":88,"h":72}
Mon, 21 Feb 2022 09:38:05 +0200
{"r":1024,"l":6613,"t":6,"p":752,"a":87,"h":71}
Mon, 21 Feb 2022 09:53:05 +0200
{"r":1024,"l":6669,"t":7,"p":752,"a":87,"h":69}
Mon, 21 Feb 2022 10:08:05 +0200
{"r":1024,"l":6757,"t":7,"p":752,"a":87,"h":68}
Mon, 21 Feb 2022 10:23:05 +0200
{"r":1024,"l":6777,"t":8,"p":751,"a":89,"h":67}
Mon, 21 Feb 2022 10:38:05 +0200
{"r":1024,"l":6772,"t":8,"p":751,"a":90,"h":65}
Mon, 21 Feb 2022 10:53:05 +0200
{"r":1024,"l":6678,"t":9,"p":751,"a":90,"h":63}
Mon, 21 Feb 2022 11:23:16 +0200
{"r":1024,"l":6537,"t":9,"p":751,"a":90,"h":58}
Mon, 21 Feb 2022 11:38:16 +0200
{"r":1024,"l":6360,"t":9,"p":751,"a":91,"h":59}
Mon, 21 Feb 2022 11:53:16 +0200
{"r":1024,"l":6319,"t":10,"p":751,"a":92,"h":60}
Mon, 21 Feb 2022 12:08:16 +0200
{"r":1024,"l":6211,"t":10,"p":751,"a":94,"h":61}
Mon, 21 Feb 2022 12:23:16 +0200
{"r":1024,"l":6458,"t":10,"p":751,"a":94,"h":61}
Mon, 21 Feb 2022 12:38:16 +0200
{"r":1024,"l":5938,"t":10,"p":751,"a":95,"h":59}
Mon, 21 Feb 2022 12:53:16 +0200
{"r":1024,"l":5799,"t":10,"p":751,"a":97,"h":58}
Mon, 21 Feb 2022 13:08:16 +0200
{"r":1024,"l":5453,"t":11,"p":751,"a":98,"h":54}
Mon, 21 Feb 2022 13:23:16 +0200
{"r":1024,"l":5186,"t":11,"p":751,"a":99,"h":50}
Mon, 21 Feb 2022 13:38:16 +0200
{"r":1024,"l":5134,"t":11,"p":751,"a":99,"h":50}
Mon, 21 Feb 2022 13:53:17 +0200
{"r":1024,"l":4662,"t":11,"p":750,"a":100,"h":47}
Mon, 21 Feb 2022 14:08:17 +0200
{"r":1024,"l":4425,"t":11,"p":750,"a":101,"h":46}
Mon, 21 Feb 2022 14:23:17 +0200
{"r":1024,"l":4385,"t":11,"p":750,"a":102,"h":45}
Mon, 21 Feb 2022 14:38:17 +0200
{"r":1024,"l":4129,"t":11,"p":750,"a":102,"h":44}
Mon, 21 Feb 2022 14:53:17 +0200
{"r":1024,"l":5943,"t":14,"p":750,"a":104,"h":43}
Mon, 21 Feb 2022 15:08:17 +0200
{"r":1024,"l":8962,"t":20,"p":750,"a":105,"h":31}
Mon, 21 Feb 2022 15:23:17 +0200
{"r":1024,"l":11254,"t":22,"p":750,"a":105,"h":28}
Mon, 21 Feb 2022 15:38:17 +0200
{"r":1024,"l":12793,"t":23,"p":750,"a":105,"h":28}
Mon, 21 Feb 2022 15:53:17 +0200
{"r":1024,"l":13478,"t":23,"p":750,"a":104,"h":27}
Mon, 21 Feb 2022 16:08:17 +0200
{"r":1024,"l":10447,"t":22,"p":750,"a":105,"h":28}
Mon, 21 Feb 2022 16:23:17 +0200
{"r":1024,"l":6513,"t":18,"p":750,"a":105,"h":32}
Mon, 21 Feb 2022 16:38:17 +0200
{"r":1024,"l":4465,"t":15,"p":750,"a":105,"h":36}
Mon, 21 Feb 2022 16:53:17 +0200
{"r":1024,"l":1390,"t":12,"p":750,"a":106,"h":40}
Mon, 21 Feb 2022 17:08:17 +0200
{"r":1024,"l":360,"t":10,"p":750,"a":107,"h":42}
Mon, 21 Feb 2022 17:23:17 +0200
{"r":1024,"l":59,"t":9,"p":750,"a":107,"h":45}
Mon, 21 Feb 2022 17:38:17 +0200
{"r":1024,"l":4,"t":8,"p":750,"a":107,"h":48}
Mon, 21 Feb 2022 17:53:17 +0200
{"r":1024,"l":0,"t":7,"p":750,"a":107,"h":50}
Mon, 21 Feb 2022 18:08:17 +0200
{"r":1024,"l":0,"t":6,"p":750,"a":107,"h":52}
Mon, 21 Feb 2022 18:23:17 +0200
{"r":1024,"l":0,"t":6,"p":750,"a":108,"h":55}
Mon, 21 Feb 2022 18:38:17 +0200
{"r":1024,"l":0,"t":7,"p":750,"a":107,"h":57}
Mon, 21 Feb 2022 18:53:17 +0200
{"r":1024,"l":0,"t":7,"p":750,"a":106,"h":59}
Mon, 21 Feb 2022 19:08:17 +0200
{"r":1024,"l":0,"t":7,"p":750,"a":106,"h":60}
Mon, 21 Feb 2022 19:23:17 +0200
{"r":1024,"l":0,"t":6,"p":750,"a":106,"h":62}
Mon, 21 Feb 2022 19:38:17 +0200
{"r":1024,"l":0,"t":6,"p":750,"a":106,"h":63}
Mon, 21 Feb 2022 19:53:17 +0200
{"r":1024,"l":0,"t":6,"p":750,"a":107,"h":63}
Mon, 21 Feb 2022 20:08:17 +0200
{"r":1024,"l":0,"t":6,"p":750,"a":108,"h":64}
Mon, 21 Feb 2022 20:23:17 +0200
{"r":1024,"l":0,"t":5,"p":750,"a":106,"h":65}
Mon, 21 Feb 2022 20:38:17 +0200
{"r":1024,"l":0,"t":4,"p":750,"a":105,"h":66}
Mon, 21 Feb 2022 20:53:17 +0200
{"r":1024,"l":0,"t":4,"p":750,"a":105,"h":68}
Mon, 21 Feb 2022 21:08:17 +0200
{"r":1024,"l":0,"t":3,"p":750,"a":104,"h":69}
Mon, 21 Feb 2022 21:23:17 +0200
{"r":1024,"l":0,"t":3,"p":750,"a":103,"h":71}
Mon, 21 Feb 2022 21:38:17 +0200
{"r":1024,"l":0,"t":3,"p":750,"a":103,"h":72}
Mon, 21 Feb 2022 21:53:17 +0200
{"r":1024,"l":0,"t":3,"p":750,"a":102,"h":74}
Mon, 21 Feb 2022 22:08:17 +0200
{"r":1024,"l":0,"t":3,"p":750,"a":103,"h":75}
Mon, 21 Feb 2022 22:23:17 +0200
{"r":1024,"l":0,"t":3,"p":750,"a":102,"h":76}
Mon, 21 Feb 2022 22:38:17 +0200
{"r":1024,"l":0,"t":3,"p":750,"a":103,"h":77}
Mon, 21 Feb 2022 22:53:17 +0200
{"r":1024,"l":0,"t":3,"p":750,"a":104,"h":78}
Mon, 21 Feb 2022 23:23:29 +0200
{"r":1024,"l":0,"t":2,"p":750,"a":105,"h":80}
Mon, 21 Feb 2022 23:38:29 +0200
{"r":1024,"l":0,"t":2,"p":750,"a":106,"h":81}
Mon, 21 Feb 2022 23:53:29 +0200
{"r":1024,"l":0,"t":2,"p":750,"a":107,"h":82}
Tue, 22 Feb 2022 00:08:29 +0200
{"r":1024,"l":0,"t":2,"p":750,"a":108,"h":83}
Tue, 22 Feb 2022 00:23:29 +0200
{"r":1024,"l":0,"t":2,"p":750,"a":111,"h":83}
Tue, 22 Feb 2022 00:38:29 +0200
{"r":1024,"l":0,"t":2,"p":750,"a":110,"h":84}
Tue, 22 Feb 2022 00:53:29 +0200
{"r":1024,"l":0,"t":1,"p":750,"a":111,"h":84}
Tue, 22 Feb 2022 01:08:29 +0200
{"r":1024,"l":0,"t":1,"p":750,"a":111,"h":85}
Tue, 22 Feb 2022 01:23:29 +0200
{"r":1024,"l":0,"t":1,"p":749,"a":112,"h":85}
Tue, 22 Feb 2022 01:38:29 +0200
{"r":1024,"l":0,"t":1,"p":749,"a":112,"h":86}
Tue, 22 Feb 2022 01:53:29 +0200
{"r":1024,"l":0,"t":1,"p":749,"a":113,"h":86}
Tue, 22 Feb 2022 02:08:29 +0200
{"r":1024,"l":0,"t":1,"p":749,"a":113,"h":86}
Tue, 22 Feb 2022 02:23:29 +0200
{"r":1024,"l":0,"t":1,"p":749,"a":113,"h":87}
Tue, 22 Feb 2022 02:38:29 +0200
{"r":1024,"l":0,"t":1,"p":749,"a":113,"h":87}
Tue, 22 Feb 2022 02:53:29 +0200
{"r":1024,"l":0,"t":1,"p":749,"a":114,"h":87}
Tue, 22 Feb 2022 03:08:29 +0200
{"r":1024,"l":0,"t":1,"p":749,"a":116,"h":88}
Tue, 22 Feb 2022 03:23:29 +0200
{"r":1024,"l":0,"t":1,"p":749,"a":116,"h":88}
Tue, 22 Feb 2022 03:38:29 +0200
{"r":1024,"l":0,"t":1,"p":749,"a":116,"h":88}
Tue, 22 Feb 2022 03:53:29 +0200
{"r":1024,"l":0,"t":1,"p":749,"a":116,"h":89}
Tue, 22 Feb 2022 04:08:29 +0200
{"r":1024,"l":0,"t":1,"p":749,"a":116,"h":89}
Tue, 22 Feb 2022 04:23:29 +0200
{"r":1024,"l":0,"t":1,"p":749,"a":116,"h":90}
Tue, 22 Feb 2022 04:38:29 +0200
{"r":1024,"l":0,"t":1,"p":749,"a":115,"h":90}
Tue, 22 Feb 2022 04:53:29 +0200
{"r":1024,"l":0,"t":1,"p":749,"a":115,"h":90}
Tue, 22 Feb 2022 05:08:29 +0200
{"r":1024,"l":0,"t":1,"p":749,"a":116,"h":91}
Tue, 22 Feb 2022 05:23:29 +0200
{"r":1024,"l":0,"t":1,"p":749,"a":116,"h":91}
Tue, 22 Feb 2022 05:38:29 +0200
{"r":1024,"l":0,"t":1,"p":749,"a":117,"h":91}
Tue, 22 Feb 2022 05:53:29 +0200
{"r":1024,"l":0,"t":1,"p":749,"a":116,"h":91}
Tue, 22 Feb 2022 06:08:29 +0200
{"r":1024,"l":0,"t":1,"p":749,"a":117,"h":92}
Tue, 22 Feb 2022 06:23:29 +0200
{"r":1024,"l":15,"t":1,"p":749,"a":116,"h":92}
Tue, 22 Feb 2022 06:38:29 +0200
{"r":1024,"l":84,"t":2,"p":749,"a":117,"h":92}
Tue, 22 Feb 2022 06:53:29 +0200
{"r":1024,"l":262,"t":2,"p":749,"a":116,"h":92}
Tue, 22 Feb 2022 07:08:29 +0200
{"r":1024,"l":456,"t":2,"p":749,"a":116,"h":92}
Tue, 22 Feb 2022 07:23:29 +0200
{"r":1024,"l":546,"t":2,"p":749,"a":116,"h":93}
Tue, 22 Feb 2022 07:38:29 +0200
{"r":1024,"l":630,"t":3,"p":749,"a":116,"h":93}
Tue, 22 Feb 2022 07:53:29 +0200
{"r":1024,"l":793,"t":3,"p":749,"a":115,"h":93}
Tue, 22 Feb 2022 08:08:29 +0200
{"r":1024,"l":1243,"t":3,"p":749,"a":114,"h":93}
Tue, 22 Feb 2022 08:23:29 +0200
{"r":1024,"l":1929,"t":4,"p":749,"a":114,"h":94}
Tue, 22 Feb 2022 08:38:29 +0200
{"r":1024,"l":2695,"t":4,"p":749,"a":114,"h":94}
Tue, 22 Feb 2022 08:53:29 +0200
{"r":1024,"l":2548,"t":5,"p":749,"a":113,"h":94}
Tue, 22 Feb 2022 09:08:29 +0200
{"r":1024,"l":3079,"t":5,"p":749,"a":114,"h":94}
Tue, 22 Feb 2022 09:23:29 +0200
{"r":1024,"l":3096,"t":5,"p":749,"a":113,"h":94}
Tue, 22 Feb 2022 09:38:29 +0200
{"r":1024,"l":3744,"t":6,"p":749,"a":113,"h":94}
Tue, 22 Feb 2022 09:53:29 +0200
{"r":1024,"l":3868,"t":6,"p":749,"a":114,"h":94}
Tue, 22 Feb 2022 10:08:29 +0200
{"r":1024,"l":5245,"t":7,"p":749,"a":112,"h":94}
Tue, 22 Feb 2022 10:23:29 +0200
{"r":1024,"l":4562,"t":7,"p":749,"a":112,"h":94}
Tue, 22 Feb 2022 10:38:29 +0200
{"r":1024,"l":6222,"t":8,"p":749,"a":112,"h":93}
Tue, 22 Feb 2022 10:53:29 +0200
{"r":1024,"l":5942,"t":9,"p":749,"a":114,"h":92}
Tue, 22 Feb 2022 11:08:29 +0200
{"r":1024,"l":6916,"t":10,"p":749,"a":113,"h":92}
Tue, 22 Feb 2022 11:23:29 +0200
{"r":1024,"l":5401,"t":10,"p":749,"a":113,"h":90}
Tue, 22 Feb 2022 11:38:29 +0200
{"r":1024,"l":3340,"t":10,"p":749,"a":113,"h":88}
Tue, 22 Feb 2022 11:53:29 +0200
{"r":1024,"l":3113,"t":9,"p":749,"a":114,"h":87}
Tue, 22 Feb 2022 12:08:29 +0200
{"r":1024,"l":3989,"t":9,"p":749,"a":115,"h":86}
Tue, 22 Feb 2022 12:23:29 +0200
{"r":1024,"l":6113,"t":10,"p":749,"a":116,"h":86}
Tue, 22 Feb 2022 12:38:29 +0200
{"r":1024,"l":4280,"t":11,"p":749,"a":118,"h":84}
Tue, 22 Feb 2022 12:53:29 +0200
{"r":1024,"l":4021,"t":10,"p":749,"a":119,"h":81}
Tue, 22 Feb 2022 13:08:29 +0200
{"r":1024,"l":5184,"t":10,"p":749,"a":120,"h":80}
Tue, 22 Feb 2022 13:23:29 +0200
{"r":1024,"l":4206,"t":10,"p":749,"a":119,"h":79}
Tue, 22 Feb 2022 13:38:29 +0200
{"r":1024,"l":3356,"t":10,"p":749,"a":119,"h":78}
Tue, 22 Feb 2022 13:53:29 +0200
{"r":1020,"l":2945,"t":10,"p":749,"a":118,"h":77}
Tue, 22 Feb 2022 14:08:29 +0200
{"r":1020,"l":2270,"t":9,"p":749,"a":119,"h":78}
Tue, 22 Feb 2022 14:23:29 +0200
{"r":996,"l":2535,"t":9,"p":749,"a":119,"h":78}
Tue, 22 Feb 2022 14:38:29 +0200
{"r":1024,"l":1234,"t":8,"p":749,"a":119,"h":79}
Tue, 22 Feb 2022 14:53:29 +0200
{"r":1024,"l":729,"t":8,"p":749,"a":119,"h":79}
Tue, 22 Feb 2022 15:08:29 +0200
{"r":1024,"l":1170,"t":8,"p":749,"a":117,"h":81}
Tue, 22 Feb 2022 15:23:29 +0200
{"r":918,"l":1310,"t":8,"p":749,"a":118,"h":82}
Tue, 22 Feb 2022 15:38:29 +0200
{"r":966,"l":1412,"t":8,"p":749,"a":120,"h":82}
Tue, 22 Feb 2022 15:53:29 +0200
{"r":997,"l":1064,"t":8,"p":749,"a":118,"h":83}
Tue, 22 Feb 2022 16:08:29 +0200
{"r":596,"l":2929,"t":8,"p":749,"a":120,"h":84}
Tue, 22 Feb 2022 16:23:29 +0200
{"r":629,"l":400,"t":8,"p":749,"a":118,"h":84}
Tue, 22 Feb 2022 16:38:29 +0200
{"r":470,"l":220,"t":7,"p":749,"a":117,"h":84}
Tue, 22 Feb 2022 16:53:29 +0200
{"r":412,"l":177,"t":7,"p":749,"a":117,"h":84}
Tue, 22 Feb 2022 17:08:29 +0200
{"r":416,"l":86,"t":7,"p":749,"a":115,"h":85}
Tue, 22 Feb 2022 17:23:29 +0200
{"r":367,"l":24,"t":7,"p":749,"a":114,"h":86}
Tue, 22 Feb 2022 17:38:29 +0200
{"r":316,"l":0,"t":6,"p":749,"a":111,"h":86}
Tue, 22 Feb 2022 17:53:29 +0200
{"r":320,"l":0,"t":6,"p":749,"a":112,"h":87}
Tue, 22 Feb 2022 18:08:29 +0200
{"r":361,"l":0,"t":6,"p":750,"a":111,"h":87}
Tue, 22 Feb 2022 18:23:29 +0200
{"r":487,"l":0,"t":6,"p":750,"a":110,"h":88}
Tue, 22 Feb 2022 18:38:29 +0200
{"r":265,"l":0,"t":6,"p":750,"a":111,"h":88}
Tue, 22 Feb 2022 18:53:29 +0200
{"r":284,"l":0,"t":6,"p":749,"a":114,"h":88}
Tue, 22 Feb 2022 19:08:29 +0200
{"r":300,"l":0,"t":6,"p":749,"a":114,"h":88}
Tue, 22 Feb 2022 19:23:29 +0200
{"r":296,"l":0,"t":6,"p":749,"a":113,"h":89}
Tue, 22 Feb 2022 19:38:29 +0200
{"r":308,"l":0,"t":6,"p":750,"a":111,"h":89}
Tue, 22 Feb 2022 19:53:29 +0200
{"r":376,"l":0,"t":6,"p":750,"a":110,"h":89}
Tue, 22 Feb 2022 20:08:29 +0200
{"r":360,"l":0,"t":6,"p":750,"a":109,"h":90}
Tue, 22 Feb 2022 20:23:29 +0200
{"r":368,"l":0,"t":6,"p":750,"a":108,"h":90}
Tue, 22 Feb 2022 20:38:29 +0200
{"r":360,"l":0,"t":6,"p":750,"a":108,"h":90}
Tue, 22 Feb 2022 20:53:29 +0200
{"r":397,"l":0,"t":6,"p":750,"a":109,"h":90}
Tue, 22 Feb 2022 21:08:29 +0200
{"r":326,"l":0,"t":6,"p":750,"a":109,"h":90}
Tue, 22 Feb 2022 21:23:29 +0200
{"r":296,"l":0,"t":6,"p":750,"a":107,"h":91}
Tue, 22 Feb 2022 21:38:29 +0200
{"r":320,"l":0,"t":6,"p":750,"a":108,"h":91}
Tue, 22 Feb 2022 21:53:29 +0200
{"r":319,"l":0,"t":6,"p":750,"a":107,"h":91}
Tue, 22 Feb 2022 22:08:29 +0200
{"r":331,"l":0,"t":6,"p":750,"a":107,"h":91}
Tue, 22 Feb 2022 22:23:29 +0200
{"r":339,"l":0,"t":6,"p":750,"a":106,"h":91}
Tue, 22 Feb 2022 22:38:29 +0200
{"r":452,"l":0,"t":6,"p":750,"a":105,"h":92}
Tue, 22 Feb 2022 22:53:29 +0200
{"r":381,"l":0,"t":6,"p":750,"a":106,"h":92}
Tue, 22 Feb 2022 23:23:40 +0200
{"r":376,"l":0,"t":6,"p":750,"a":105,"h":92}
Tue, 22 Feb 2022 23:38:40 +0200
{"r":369,"l":0,"t":6,"p":750,"a":103,"h":92}
Tue, 22 Feb 2022 23:53:40 +0200
{"r":368,"l":0,"t":6,"p":750,"a":104,"h":92}
Wed, 23 Feb 2022 00:08:40 +0200
{"r":354,"l":0,"t":6,"p":750,"a":102,"h":92}
Wed, 23 Feb 2022 00:23:40 +0200
{"r":379,"l":0,"t":6,"p":750,"a":101,"h":92}
